6832312689218271740 1.50000e+01 3.00000e+01 0.00000e+00 5 1 22 1.87813e+03 4.37507e+03 5.41000e+02 -1.19283e+01 3.06483e+01 2.09495e+02 5.82485e+03 3.45144e+03 -1.42146e+03 9.59104e-01 2.80473e-01 3.81432e-02 1 -1.31300e+01 3.19300e+01 2 
6832312689218271740 1.50000e+01 3.00000e+01 0.00000e+00 980 1 22 1.94769e+03 1.58775e+02 5.41000e+02 -1.14886e+01 3.19168e+01 1.98227e+02 5.75611e+03 3.58521e+03 -1.36977e+03 8.41936e-01 5.13513e-01 1.65677e-01 1 -1.31300e+01 3.19300e+01 2 
6832312689218271740 1.50000e+01 3.00000e+01 0.00000e+00 1063 1 22 1.80680e+03 6.57850e+02 5.41000e+02 -1.24502e+01 3.19798e+01 8.23026e+01 5.73186e+03 3.57885e+03 -1.48271e+03 8.57756e-01 5.11166e-01 -5.44498e-02 1 -1.31300e+01 3.19300e+01 2 
6832312689218271740 1.50000e+01 3.00000e+01 0.00000e+00 1647 1 22 2.32458e+03 1.13311e+02 5.41000e+02 -9.23308e+00 3.19801e+01 4.70636e+02 5.79346e+03 3.61735e+03 -1.10342e+03 7.30802e-01 4.68186e-01 4.96720e-01 1 -1.31300e+01 3.19300e+01 2 
6832312689218271740 1.50000e+01 3.00000e+01 0.00000e+00 2131 1 22 1.76651e+03 1.14088e+03 5.41000e+02 -1.31502e+01 3.20140e+01 1.01721e+01 5.71393e+03 3.57240e+03 -1.56467e+03 8.01963e-01 5.48052e-01 -2.37686e-01 1 -1.31300e+01 3.19300e+01 2 
6832312689218271740 1.50000e+01 3.00000e+01 0.00000e+00 3799 1 22 3.50025e+03 7.01051e+02 5.41000e+02 -5.36462e+00 3.09777e+01 9.44594e+02 5.90642e+03 3.54581e+03 -6.42920e+02 5.86754e-01 2.40594e-01 7.73197e-01 1 -1.31300e+01 3.19300e+01 2 
6832312689218271740 1.50000e+01 3.00000e+01 0.00000e+00 3960 1 22 1.88477e+03 4.91813e+02 5.41000e+02 -1.16359e+01 3.27747e+01 2.06112e+02 5.69881e+03 3.66907e+03 -1.38709e+03 7.41291e-01 6.62116e-01 1.09958e-01 1 -1.31300e+01 3.19300e+01 2 
6832312689218271740 1.50000e+01 3.00000e+01 0.00000e+00 3980 1 22 2.31456e+03 1.23550e+03 5.41000e+02 -9.73291e+00 3.38166e+01 4.67061e+02 5.66634e+03 3.79566e+03 -1.16260e+03 5.44638e-01 7.26464e-01 4.19070e-01 1 -1.31300e+01 3.19300e+01 2 
6832312689218271740 1.50000e+01 3.00000e+01 0.00000e+00 4334 1 22 2.42753e+03 5.59072e+01 5.41000e+02 -1.19387e+01 2.85185e+01 4.27106e+02 5.94887e+03 3.23246e+03 -1.42268e+03 9.86608e-01 -1.50925e-01 6.18646e-02 1 -1.31300e+01 3.19300e+01 2 
6832312689218271740 1.50000e+01 3.00000e+01 0.00000e+00 4527 1 22 1.78460e+03 5.06304e+02 5.41000e+02 -1.30409e+01 3.24481e+01 6.18829e+01 5.68921e+03 3.61718e+03 -1.55189e+03 7.47626e-01 6.26300e-01 -2.20915e-01 1 -1.31300e+01 3.19300e+01 2 
6832312689218271740 1.50000e+01 3.00000e+01 0.00000e+00 4656 1 22 1.77980e+03 5.64834e+02 5.41000e+02 -1.35295e+01 3.16225e+01 6.02781e+01 5.72926e+03 3.52777e+03 -1.60899e+03 8.49050e-01 4.32951e-01 -3.02766e-01 1 -1.31300e+01 3.19300e+01 2 
6832312689218271740 1.50000e+01 3.00000e+01 0.00000e+00 4884 1 22 3.18497e+03 1.67591e+02 5.41000e+02 -6.59167e+00 3.05842e+01 8.05633e+02 5.91743e+03 3.49736e+03 -7.89397e+02 6.66292e-01 2.20437e-01 7.12364e-01 1 -1.31300e+01 3.19300e+01 2 
6832312689218271740 1.50000e+01 3.00000e+01 0.00000e+00 5039 1 22 3.29877e+03 7.66989e+01 5.41000e+02 -1.54104e+01 3.87107e+01 8.39927e+02 5.20611e+03 4.17249e+03 -1.82769e+03 -1.04966e-01 9.17487e-01 -3.83666e-01 1 -1.31300e+01 3.19300e+01 2 
6832312689218271740 1.50000e+01 3.00000e+01 0.00000e+00 5457 1 22 1.89868e+03 5.15435e+03 5.41000e+02 -1.15948e+01 3.08166e+01 2.27202e+02 5.82170e+03 3.47272e+03 -1.38226e+03 9.43084e-01 3.15066e-01 1.06421e-01 1 -1.31300e+01 3.19300e+01 2 
6832312689218271740 1.50000e+01 3.00000e+01 0.00000e+00 5594 8 22 2.37933e+03 4.42408e+01 5.41000e+02 -1.25332e+01 2.86433e+01 3.93643e+02 5.92854e+03 3.23816e+03 -1.49244e+03 9.92953e-01 -1.06360e-01 -5.22734e-02 1 -1.31300e+01 3.19300e+01 2 
6832312689218271740 1.50000e+01 3.00000e+01 0.00000e+00 5594 7 22 3.40987e+03 7.72107e+01 5.41000e+02 -7.49351e+00 2.76259e+01 8.51222e+02 6.07828e+03 3.18115e+03 -8.96830e+02 8.10700e-01 -1.08289e-01 5.75359e-01 1 -1.31300e+01 3.19300e+01 2 
6832312689218271740 1.50000e+01 3.00000e+01 0.00000e+00 6498 1 22 1.83591e+03 7.69173e+03 5.41000e+02 -1.40386e+01 3.08352e+01 1.68978e+02 5.76468e+03 3.44125e+03 -1.66836e+03 8.71737e-01 2.68629e-01 -4.09773e-01 1 -1.31300e+01 3.19300e+01 2 
6832312689218271740 1.50000e+01 3.00000e+01 0.00000e+00 7843 1 22 2.21962e+03 1.83361e+03 5.41000e+02 -1.38602e+01 3.54505e+01 4.22700e+02 5.47330e+03 3.89694e+03 -1.64757e+03 2.79531e-01 9.09746e-01 -3.06962e-01 1 -1.31300e+01 3.19300e+01 2 
6832312689218271740 1.50000e+01 3.00000e+01 0.00000e+00 7943 1 22 1.84967e+03 3.01254e+02 5.41000e+02 -1.41572e+01 3.21457e+01 1.26609e+02 5.68153e+03 3.57034e+03 -1.68218e+03 7.06161e-01 5.34096e-01 -4.64843e-01 1 -1.31300e+01 3.19300e+01 2 
6832312689218271740 1.50000e+01 3.00000e+01 0.00000e+00 8237 1 22 2.55555e+03 4.63812e+02 5.41000e+02 -1.76690e+01 3.30879e+01 5.64467e+02 5.52519e+03 3.60016e+03 -2.08772e+03 2.95249e-01 4.15499e-01 -8.60342e-01 1 -1.31300e+01 3.19300e+01 2 
6832312689218271740 1.50000e+01 3.00000e+01 0.00000e+00 9812 1 22 2.44569e+03 6.32755e+03 5.41000e+02 -1.03209e+01 3.54046e+01 5.32756e+02 5.54896e+03 3.94411e+03 -1.23211e+03 3.60134e-01 8.87520e-01 2.87423e-01 1 -1.31300e+01 3.19300e+01 2 
6832312689218271740 1.50000e+01 3.00000e+01 0.00000e+00 10167 1 22 1.78667e+03 3.49781e+03 5.41000e+02 -1.39555e+01 3.21522e+01 1.03049e+02 5.68611e+03 3.57411e+03 -1.65868e+03 7.46834e-01 5.25620e-01 -4.07384e-01 1 -1.31300e+01 3.19300e+01 2 
6832312689218271740 1.50000e+01 3.00000e+01 0.00000e+00 10630 1 22 2.08024e+03 3.59694e+01 5.41000e+02 -1.29673e+01 3.26818e+01 9.05993e+01 5.67608e+03 3.64143e+03 -1.54327e+03 7.56481e-01 6.16257e-01 -2.19007e-01 1 -1.31300e+01 3.19300e+01 2 
6832312689218271740 1.50000e+01 3.00000e+01 0.00000e+00 10630 19 22 2.27802e+03 5.63973e+02 5.41000e+02 -1.60762e+01 3.39452e+01 4.26651e+02 5.51676e+03 3.71343e+03 -1.90465e+03 3.21095e-01 6.32739e-01 -7.04655e-01 1 -1.31300e+01 3.19300e+01 2 
6832312689218271740 1.50000e+01 3.00000e+01 0.00000e+00 11179 1 22 1.91630e+03 7.38778e+01 5.41000e+02 -1.41656e+01 3.29330e+01 1.71739e+02 5.63174e+03 3.64793e+03 -1.68315e+03 6.43793e-01 6.39290e-01 -4.20522e-01 1 -1.31300e+01 3.19300e+01 2 
6832312689218271740 1.50000e+01 3.00000e+01 0.00000e+00 11604 1 22 3.50279e+03 1.29124e+02 5.41000e+02 -1.83419e+01 3.78035e+01 9.28337e+02 5.19077e+03 4.02689e+03 -2.16458e+03 -1.02069e-01 7.06168e-01 -7.00649e-01 1 -1.31300e+01 3.19300e+01 2 
6832312689218271740 1.50000e+01 3.00000e+01 0.00000e+00 12713 4 22 1.88012e+03 3.40848e+02 5.41000e+02 -1.41133e+01 3.11618e+01 1.49092e+02 5.74311e+03 3.47292e+03 -1.67706e+03 8.33535e-01 2.96865e-01 -4.65930e-01 1 -1.31300e+01 3.19300e+01 2 
6832312689218271740 1.50000e+01 3.00000e+01 0.00000e+00 12721 1 22 1.92801e+03 4.86518e+03 5.41000e+02 -1.19233e+01 3.02096e+01 2.49733e+02 5.85122e+03 3.40680e+03 -1.42087e+03 9.79775e-01 1.96433e-01 3.81503e-02 1 -1.31300e+01 3.19300e+01 2 
6832312689218271740 1.50000e+01 3.00000e+01 0.00000e+00 12877 1 22 2.72797e+03 1.59368e+02 5.41000e+02 -9.40762e+00 2.87285e+01 5.88031e+02 5.98633e+03 3.28129e+03 -1.12410e+03 8.89741e-01 -1.04065e-03 4.56464e-01 1 -1.31300e+01 3.19300e+01 2 
6832312689218271740 1.50000e+01 3.00000e+01 0.00000e+00 13698 1 22 3.16111e+03 6.86362e+01 5.41000e+02 -7.12058e+00 2.97797e+01 7.69370e+02 5.95937e+03 3.41017e+03 -8.52429e+02 7.42416e-01 9.91316e-02 6.62564e-01 1 -1.31300e+01 3.19300e+01 2 
6832312689218271740 1.50000e+01 3.00000e+01 0.00000e+00 13701 1 22 1.79415e+03 9.97296e+02 5.41000e+02 -1.22747e+01 3.15678e+01 1.11754e+02 5.76129e+03 3.53991e+03 -1.46213e+03 8.89388e-01 4.56447e-01 -2.54053e-02 1 -1.31300e+01 3.19300e+01 2 
6832312689218271740 1.50000e+01 3.00000e+01 0.00000e+00 15344 1 22 2.01356e+03 8.30446e+02 5.41000e+02 -1.49394e+01 3.02427e+01 2.94651e+02 5.77658e+03 3.36781e+03 -1.77309e+03 8.28682e-01 1.01787e-01 -5.50386e-01 1 -1.31300e+01 3.19300e+01 2 
6832312689218271740 1.50000e+01 3.00000e+01 0.00000e+00 15708 1 22 2.47560e+03 2.01860e+03 5.41000e+02 -1.53752e+01 2.79137e+01 5.42636e+02 5.89658e+03 3.12388e+03 -1.82360e+03 8.20683e-01 -2.38065e-01 -5.19427e-01 1 -1.31300e+01 3.19300e+01 2 
