1709922481075226121 -1.3000000e+01 3.1000000e+01 1.5000000e+01 1 1.0000000e+01 0.0000000e+00 18996 3 11 3.8818763e+03 3.2416527e+03 -8.8344160e+00 3.0576768e+01 5.4200000e+02 5.0564864e+02 5.8876266e+03 3.4787112e+03 -1.0563099e+03 3.7202017e-01 9.0690939e-01 1.9777852e-01
1709922481075226121 -1.3000000e+01 3.1000000e+01 1.5000000e+01 1 1.0000000e+01 0.0000000e+00 18996 3 11 2.5886125e+04 3.2416527e+03 2.5370543e+01 3.0728363e+01 5.4200000e+02 4.6370919e+03 5.3778895e+03 3.1967589e+03 2.9484505e+03 -9.0460843e-01 -1.4358468e-01 -4.0133156e-01
1709922481075226121 -1.3000000e+01 3.1000000e+01 1.5000000e+01 1 1.0000000e+01 0.0000000e+00 27198 2 11 3.2166780e+03 9.0019753e+03 -8.6003585e+00 3.0893434e+01 5.4200000e+02 5.3157182e+02 5.8719651e+03 3.5133848e+03 -1.0285337e+03 4.5201358e-01 8.3031261e-01 3.2598267e-01
1709922481075226121 -1.3000000e+01 3.1000000e+01 1.5000000e+01 1 1.0000000e+01 0.0000000e+00 27198 2 11 2.2164921e+04 9.0019753e+03 2.5085125e+01 3.1082385e+01 5.4200000e+02 4.6024455e+03 5.3705614e+03 3.2374782e+03 2.9174063e+03 -9.2233948e-01 -3.1739018e-01 -2.2034827e-01
1709922481075226121 -1.3000000e+01 3.1000000e+01 1.5000000e+01 1 1.0000000e+01 0.0000000e+00 48850 2 11 4.5859101e+03 6.0526477e+03 -8.9669528e+00 3.0727648e+01 5.4200000e+02 4.8821319e+02 5.8763291e+03 3.4929453e+03 -1.0720307e+03 7.4038787e-01 6.4832430e-01 -1.7748634e-01
1709922481075226121 -1.3000000e+01 3.1000000e+01 1.5000000e+01 1 1.0000000e+01 0.0000000e+00 48850 2 11 2.9518822e+04 6.0526477e+03 2.5452859e+01 3.0877261e+01 5.4200000e+02 4.6469676e+03 5.3659184e+03 3.2085443e+03 2.9573905e+03 -6.1595176e-03 -9.9974004e-01 -2.1952560e-02
1709922481075226121 -1.3000000e+01 3.1000000e+01 1.5000000e+01 1 1.0000000e+01 0.0000000e+00 48850 2 11 2.9521971e+04 6.0526477e+03 2.5457059e+01 3.0870707e+01 5.4200000e+02 4.6474718e+03 5.3660991e+03 3.2078190e+03 2.9578465e+03 2.2197425e-01 -3.7643070e-01 8.9945948e-01
1709922481075226121 -1.3000000e+01 3.1000000e+01 1.5000000e+01 1 1.0000000e+01 0.0000000e+00 48850 2 11 2.9529224e+04 6.0526477e+03 2.5465805e+01 3.0881119e+01 5.4200000e+02 4.6485333e+03 5.3651281e+03 3.2085621e+03 2.9587960e+03 -8.5709183e-01 4.0080694e-02 -5.1360212e-01
1709922481075226121 -1.3000000e+01 3.1000000e+01 1.5000000e+01 1 1.0000000e+01 0.0000000e+00 48850 2 11 4.4185904e+04 6.0526477e+03 2.5466383e+01 3.0875588e+01 5.4200000e+02 4.6485985e+03 5.3654121e+03 3.2080289e+03 2.9588587e+03 3.9684592e-01 7.8368159e-01 4.7786660e-01
1709922481075226121 -1.3000000e+01 3.1000000e+01 1.5000000e+01 1 1.0000000e+01 0.0000000e+00 48850 2 11 4.4193194e+04 6.0526477e+03 2.5456752e+01 3.0885028e+01 5.4200000e+02 4.6474361e+03 5.3653107e+03 3.2091684e+03 2.9578132e+03 2.4156361e-01 -4.4934867e-01 -8.6007720e-01
1709922481075226121 -1.3000000e+01 3.1000000e+01 1.5000000e+01 1 1.0000000e+01 0.0000000e+00 48850 2 11 4.4196252e+04 6.0526477e+03 2.5453212e+01 3.0878281e+01 5.4200000e+02 4.6470033e+03 5.3658456e+03 3.2086304e+03 2.9574289e+03 8.4519046e-01 -5.3086835e-01 6.1902208e-02
1709922481075226121 -1.3000000e+01 3.1000000e+01 1.5000000e+01 1 1.0000000e+01 0.0000000e+00 48850 2 11 6.9154602e+04 6.0526477e+03 -8.9692849e+00 3.0779029e+01 5.4200000e+02 4.8756766e+02 5.8731569e+03 3.4981913e+03 -1.0723073e+03 -7.2892237e-01 -6.6230172e-01 1.7328763e-01
1709922481075226121 -1.3000000e+01 3.1000000e+01 1.5000000e+01 1 1.0000000e+01 0.0000000e+00 48850 2 11 7.6630729e+04 8.9150944e+02 -8.9710004e+00 3.0776891e+01 5.4200000e+02 4.8737374e+02 5.8732599e+03 3.4979557e+03 -1.0725107e+03 4.4546084e-01 7.1481281e-01 5.3908004e-01
1709922481075226121 -1.3000000e+01 3.1000000e+01 1.5000000e+01 1 1.0000000e+01 0.0000000e+00 48850 2 11 9.5378689e+04 8.9150944e+02 2.5458021e+01 3.0905254e+01 5.4200000e+02 4.6475834e+03 5.3641213e+03 3.2110285e+03 2.9579510e+03 -8.4785802e-01 -5.3010387e-01 1.1254356e-02
1709922481075226121 -1.3000000e+01 3.1000000e+01 1.5000000e+01 1 1.0000000e+01 0.0000000e+00 48850 24 11 8.7625523e+04 1.9112166e+01 -8.9697037e+00 3.0778420e+01 5.4200000e+02 4.8752033e+02 5.8731874e+03 3.4981248e+03 -1.0723570e+03 9.8354659e-01 1.7486142e-01 4.5382806e-02
1709922481075226121 -1.3000000e+01 3.1000000e+01 1.5000000e+01 1 1.0000000e+01 0.0000000e+00 48850 24 11 1.5991261e+05 1.9112166e+01 2.5457776e+01 3.0903428e+01 5.4200000e+02 4.6475543e+03 5.3642345e+03 3.2108640e+03 2.9579244e+03 -8.7371372e-01 -4.7226303e-01 -1.1658464e-01
1709922481075226121 -1.3000000e+01 3.1000000e+01 1.5000000e+01 1 1.0000000e+01 0.0000000e+00 48850 24 11 1.8184511e+05 1.1435138e+01 2.5456497e+01 3.0904863e+01 5.4200000e+02 4.6473923e+03 5.3642108e+03 3.2110324e+03 2.9577855e+03 7.5591028e-01 4.5320255e-01 -4.7244797e-01
1709922481075226121 -1.3000000e+01 3.1000000e+01 1.5000000e+01 1 1.0000000e+01 0.0000000e+00 48850 24 11 2.5905067e+05 1.1435138e+01 -8.9685921e+00 3.0780536e+01 5.4200000e+02 4.8764165e+02 5.8730760e+03 3.4983524e+03 -1.0722251e+03 -6.5653953e-01 -3.4885691e-01 -6.6877104e-01
1709922481075226121 -1.3000000e+01 3.1000000e+01 1.5000000e+01 1 1.0000000e+01 0.0000000e+00 62280 3 11 5.4756848e+03 3.0222641e+03 -8.5884858e+00 3.0641173e+01 5.4200000e+02 5.3455271e+02 5.8875601e+03 3.4876063e+03 -1.0271243e+03 9.8871469e-01 -1.1624017e-02 -1.4935914e-01
1709922481075226121 -1.3000000e+01 3.1000000e+01 1.5000000e+01 1 1.0000000e+01 0.0000000e+00 62280 3 11 3.2328723e+04 3.0222641e+03 2.5129851e+01 3.0811083e+01 5.4200000e+02 4.6079024e+03 5.3838712e+03 3.2108430e+03 2.9222757e+03 2.6970900e-01 -9.2827473e-01 2.5605287e-01
1709922481075226121 -1.3000000e+01 3.1000000e+01 1.5000000e+01 1 1.0000000e+01 0.0000000e+00 62280 3 11 3.2334500e+04 3.0222641e+03 2.5134879e+01 3.0814884e+01 5.4200000e+02 4.6085089e+03 5.3834376e+03 3.2110686e+03 2.9228231e+03 -6.2715424e-01 -3.6089344e-01 -6.9024161e-01
1709922481075226121 -1.3000000e+01 3.1000000e+01 1.5000000e+01 1 1.0000000e+01 0.0000000e+00 62280 3 11 4.3169483e+04 3.0222641e+03 2.5137164e+01 3.0810555e+01 5.4200000e+02 4.6087812e+03 5.3835800e+03 3.2106022e+03 2.9230718e+03 4.0137204e-01 6.8645371e-01 6.0636771e-01
1709922481075226121 -1.3000000e+01 3.1000000e+01 1.5000000e+01 1 1.0000000e+01 0.0000000e+00 62280 3 11 4.3173214e+04 3.0222641e+03 2.5133541e+01 3.0816487e+01 5.4200000e+02 4.6083460e+03 5.3834065e+03 3.2112542e+03 2.9226774e+03 -2.7408559e-02 -3.4130350e-01 -9.3955345e-01
1709922481075226121 -1.3000000e+01 3.1000000e+01 1.5000000e+01 1 1.0000000e+01 0.0000000e+00 62280 3 11 4.3175825e+04 3.0222641e+03 2.5131426e+01 3.0811021e+01 5.4200000e+02 4.6080864e+03 5.3838056e+03 3.2107960e+03 2.9224472e+03 8.3536024e-01 -3.1955195e-01 4.4728047e-01
1709922481075226121 -1.3000000e+01 3.1000000e+01 1.5000000e+01 1 1.0000000e+01 0.0000000e+00 62280 3 11 7.0048876e+04 3.0222641e+03 -8.5930602e+00 3.0667924e+01 5.4200000e+02 5.3375917e+02 5.8858606e+03 3.4903129e+03 -1.0276673e+03 -6.1828995e-01 -7.6417967e-01 1.8370349e-01
1709922481075226121 -1.3000000e+01 3.1000000e+01 1.5000000e+01 1 1.0000000e+01 0.0000000e+00 71854 2 11 5.0954195e+03 1.6677107e+03 -8.5117986e+00 3.0723275e+01 5.4200000e+02 5.4311075e+02 5.8837332e+03 3.4967386e+03 -1.0180197e+03 6.5489905e-01 7.3952285e-01 -1.5560589e-01
1709922481075226121 -1.3000000e+01 3.1000000e+01 1.5000000e+01 1 1.0000000e+01 0.0000000e+00 71854 2 11 3.0870155e+04 1.6677107e+03 2.5041533e+01 3.0896650e+01 5.4200000e+02 4.5971752e+03 5.3829332e+03 3.2211916e+03 2.9126586e+03 -3.1412166e-01 -8.4029084e-01 -4.4185845e-01
1709922481075226121 -1.3000000e+01 3.1000000e+01 1.5000000e+01 1 1.0000000e+01 0.0000000e+00 71854 2 11 3.0872188e+04 1.6677107e+03 2.5043842e+01 3.0893339e+01 5.4200000e+02 4.5974491e+03 5.3830185e+03 3.2208202e+03 2.9129101e+03 5.6094563e-02 1.7062136e-01 9.8373866e-01
1709922481075226121 -1.3000000e+01 3.1000000e+01 1.5000000e+01 1 1.0000000e+01 0.0000000e+00 71854 2 11 3.0873847e+04 1.6677107e+03 2.5045611e+01 3.0896592e+01 5.4200000e+02 4.5976687e+03 5.3827584e+03 3.2210796e+03 2.9131027e+03 -8.7744506e-01 3.0260707e-01 -3.7218158e-01
1709922481075226121 -1.3000000e+01 3.1000000e+01 1.5000000e+01 1 1.0000000e+01 0.0000000e+00 71854 2 11 4.4598016e+04 1.6677107e+03 2.5044060e+01 3.0894712e+01 5.4200000e+02 4.5974750e+03 5.3829319e+03 3.2209435e+03 2.9129338e+03 5.8999870e-01 5.2595959e-01 6.1259125e-01
1709922481075226121 -1.3000000e+01 3.1000000e+01 1.5000000e+01 1 1.0000000e+01 0.0000000e+00 71854 2 11 7.0337937e+04 1.6677107e+03 -8.5112581e+00 3.0739433e+01 5.4200000e+02 5.4306421e+02 5.8827551e+03 3.4984027e+03 -1.0179555e+03 -6.1475850e-01 -7.7782191e-01 1.3063331e-01
1709922481075226121 -1.3000000e+01 3.1000000e+01 1.5000000e+01 1 1.0000000e+01 0.0000000e+00 71854 2 11 8.1339534e+04 1.3440558e+03 -8.5118579e+00 3.0739915e+01 5.4200000e+02 5.4298784e+02 5.8827165e+03 3.4984468e+03 -1.0180267e+03 8.5798583e-01 4.2435489e-01 -2.8945336e-01
1709922481075226121 -1.3000000e+01 3.1000000e+01 1.5000000e+01 1 1.0000000e+01 0.0000000e+00 71854 2 11 1.1064398e+05 1.3440558e+03 2.5039830e+01 3.0912252e+01 5.4200000e+02 4.5969645e+03 5.3821303e+03 3.2227018e+03 2.9124730e+03 -2.0027522e-01 -8.0773452e-01 -5.5448605e-01
1709922481075226121 -1.3000000e+01 3.1000000e+01 1.5000000e+01 1 1.0000000e+01 0.0000000e+00 71854 2 11 1.1064546e+05 1.3440558e+03 2.5040821e+01 3.0909328e+01 5.4200000e+02 4.5970787e+03 5.3822514e+03 3.2224013e+03 2.9125810e+03 3.6632949e-01 -1.0154422e-01 9.2492782e-01
1709922481075226121 -1.3000000e+01 3.1000000e+01 1.5000000e+01 1 1.0000000e+01 0.0000000e+00 71854 2 11 1.1064755e+05 1.3440558e+03 2.5042053e+01 3.0912657e+01 5.4200000e+02 4.5972335e+03 5.3820104e+03 3.2226818e+03 2.9127152e+03 -6.6734747e-01 -1.4127974e-01 -7.3122321e-01
1709922481075226121 -1.3000000e+01 3.1000000e+01 1.5000000e+01 1 1.0000000e+01 0.0000000e+00 71854 2 11 1.1065055e+05 1.3440558e+03 2.5043973e+01 3.0910360e+01 5.4200000e+02 4.5974598e+03 5.3820558e+03 3.2224158e+03 2.9129243e+03 -4.1731669e-01 7.9372169e-01 4.4255243e-01
1709922481075226121 -1.3000000e+01 3.1000000e+01 1.5000000e+01 1 1.0000000e+01 0.0000000e+00 71854 2 11 1.1871765e+05 1.3440558e+03 2.5043637e+01 3.0910677e+01 5.4200000e+02 4.5974191e+03 5.3820526e+03 3.2224544e+03 2.9128877e+03 5.4815425e-02 9.0951361e-01 4.1204400e-01
1709922481075226121 -1.3000000e+01 3.1000000e+01 1.5000000e+01 1 1.0000000e+01 0.0000000e+00 71854 2 11 1.1871871e+05 1.3440558e+03 2.5042886e+01 3.0913128e+01 5.4200000e+02 4.5973342e+03 5.3819476e+03 3.2227042e+03 2.9128059e+03 -4.3794686e-01 3.5340066e-01 -8.2662599e-01
1709922481075226121 -1.3000000e+01 3.1000000e+01 1.5000000e+01 1 1.0000000e+01 0.0000000e+00 71854 2 11 1.1872118e+05 1.3440558e+03 2.5041450e+01 3.0909962e+01 5.4200000e+02 4.5971546e+03 5.3821883e+03 3.2224444e+03 2.9126495e+03 5.9021140e-01 3.0550524e-01 7.4720617e-01
1709922481075226121 -1.3000000e+01 3.1000000e+01 1.5000000e+01 1 1.0000000e+01 0.0000000e+00 71854 2 11 1.1872370e+05 1.3440558e+03 2.5039762e+01 3.0912902e+01 5.4200000e+02 4.5969561e+03 5.3820966e+03 3.2227647e+03 2.9124656e+03 1.4296024e-01 -6.4568400e-01 -7.5010302e-01
1709922481075226121 -1.3000000e+01 3.1000000e+01 1.5000000e+01 1 1.0000000e+01 0.0000000e+00 71854 2 11 1.1872464e+05 1.3440558e+03 2.5039238e+01 3.0910769e+01 5.4200000e+02 4.5968867e+03 5.3822395e+03 3.2225780e+03 2.9124086e+03 7.7096151e-01 -5.5616873e-01 3.1031386e-01
1709922481075226121 -1.3000000e+01 3.1000000e+01 1.5000000e+01 1 1.0000000e+01 0.0000000e+00 71854 2 11 1.4795107e+05 1.3440558e+03 -8.5112075e+00 3.0752870e+01 5.4200000e+02 5.4298191e+02 5.8819353e+03 3.4997827e+03 -1.0179495e+03 -8.4440379e-02 -9.8240570e-01 -1.6657993e-01
1709922481075226121 -1.3000000e+01 3.1000000e+01 1.5000000e+01 1 1.0000000e+01 0.0000000e+00 71854 2 11 1.4795249e+05 1.3440558e+03 -8.5133684e+00 3.0750691e+01 5.4200000e+02 5.4273453e+02 5.8820354e+03 3.4995394e+03 -1.0182061e+03 2.7504278e-01 -4.8489333e-02 -9.6020844e-01
1709922481075226121 -1.3000000e+01 3.1000000e+01 1.5000000e+01 1 1.0000000e+01 0.0000000e+00 71854 2 11 1.4795443e+05 1.3440558e+03 -8.5163146e+00 3.0753396e+01 5.4200000e+02 5.4236260e+02 5.8818252e+03 3.4997902e+03 -1.0185559e+03 -9.4837774e-01 3.1714250e-01 -5.5188647e-04
1709922481075226121 -1.3000000e+01 3.1000000e+01 1.5000000e+01 1 1.0000000e+01 0.0000000e+00 89014 3 -11 3.7672510e+03 2.6186130e+03 -8.4627943e+00 3.0712772e+01 5.4200000e+02 5.4909478e+02 5.8851206e+03 3.4961036e+03 -1.0122007e+03 7.6626897e-01 6.4251377e-01 2.8137118e-03
1709922481075226121 -1.3000000e+01 3.1000000e+01 1.5000000e+01 1 1.0000000e+01 0.0000000e+00 89014 3 -11 2.4731345e+04 2.6186130e+03 2.5000908e+01 3.0869822e+01 5.4200000e+02 4.5922676e+03 5.3862142e+03 3.2197308e+03 2.9082325e+03 -9.7529485e-01 1.5482783e-01 -1.5757001e-01
1709922481075226121 -1.3000000e+01 3.1000000e+01 1.5000000e+01 1 1.0000000e+01 0.0000000e+00 89014 2 11 3.1596609e+03 4.5471123e+03 -8.4604959e+00 3.0725265e+01 5.4200000e+02 5.4928190e+02 5.8843931e+03 3.4974074e+03 -1.0119278e+03 1.2478693e-01 1.8721413e-01 9.7436086e-01
1709922481075226121 -1.3000000e+01 3.1000000e+01 1.5000000e+01 1 1.0000000e+01 0.0000000e+00 89014 2 11 2.1664676e+04 4.5471123e+03 2.4991513e+01 3.0901665e+01 5.4200000e+02 4.5911195e+03 5.3848335e+03 3.2229689e+03 2.9072087e+03 -2.0228095e-01 -8.0496583e-01 5.5777454e-01
1709922481075226121 -1.3000000e+01 3.1000000e+01 1.5000000e+01 1 1.0000000e+01 0.0000000e+00 93920 3 11 4.1688755e+03 2.1756317e+03 -8.5332504e+00 3.0824738e+01 5.4200000e+02 5.3992721e+02 5.8772040e+03 3.5069569e+03 -1.0205667e+03 7.0414855e-01 7.0867715e-01 -4.4176019e-02
1709922481075226121 -1.3000000e+01 3.1000000e+01 1.5000000e+01 1 1.0000000e+01 0.0000000e+00 93920 3 11 2.6543470e+04 2.1756317e+03 2.5042283e+01 3.0997731e+01 5.4200000e+02 4.5972498e+03 5.3772094e+03 3.2306635e+03 2.9127402e+03 -7.4891429e-01 -4.6658642e-01 -4.7055765e-01
1709922481075226121 -1.3000000e+01 3.1000000e+01 1.5000000e+01 1 1.0000000e+01 0.0000000e+00 93920 3 11 3.9505394e+04 2.1491989e+03 2.5041517e+01 3.0995181e+01 5.4200000e+02 4.5971505e+03 5.3773865e+03 3.2304442e+03 2.9126568e+03 9.4119191e-01 -9.7618856e-02 3.2346306e-01
1709922481075226121 -1.3000000e+01 3.1000000e+01 1.5000000e+01 1 1.0000000e+01 0.0000000e+00 93920 3 11 6.2096355e+04 2.1491989e+03 -8.5389811e+00 3.0842567e+01 5.4200000e+02 5.3915894e+02 5.8760248e+03 3.5087332e+03 -1.0212471e+03 -9.3281931e-01 2.8232248e-01 -2.2392445e-01
