1554394555361100292 1.5000000e+01 3.0000000e+01 0.0000000e+00 6305 2 11 1.3122928e+03 1.3427608e+04 1.6000000e+02 9.7609763e+00 -9.5728259e+01 1.4722741e+02 -6.4318819e+02 -6.4119143e+03 1.1013291e+03 7.8327438e-01 -5.1093404e-01 -3.5415768e-01 1 1.1010000e+01 -9.5400000e+01 
1554394555361100292 1.5000000e+01 3.0000000e+01 0.0000000e+00 6305 2 11 1.3174576e+03 1.3427608e+04 1.6000000e+02 9.7519042e+00 -9.5718537e+01 1.4796287e+02 -6.4211766e+02 -6.4121968e+03 1.1003153e+03 4.4399570e-01 1.0463261e-01 -8.8989878e-01 1 1.1010000e+01 -9.5400000e+01 
1554394555361100292 1.5000000e+01 3.0000000e+01 0.0000000e+00 6305 2 11 1.3320518e+03 1.3427608e+04 1.6000000e+02 9.7294020e+00 -9.5737530e+01 1.5097697e+02 -6.4428631e+02 -6.4124132e+03 1.0978003e+03 -6.5519145e-01 -7.4509412e-01 1.2473542e-01 1 1.1010000e+01 -9.5400000e+01 
1554394555361100292 1.5000000e+01 3.0000000e+01 0.0000000e+00 6305 2 11 2.5670511e+04 1.3427608e+04 1.6000000e+02 -2.8330732e+01 -1.0098974e+02 4.5347821e+03 -1.0979057e+03 -5.6536379e+03 -3.0847472e+03 7.0253027e-01 7.0976650e-01 5.1795142e-02 1 1.1010000e+01 -9.5400000e+01 
1554394555361100292 1.5000000e+01 3.0000000e+01 0.0000000e+00 7239 3 11 9.9563811e+02 8.6926092e+02 1.6000000e+02 9.5582173e+00 -9.6108087e+01 1.8377048e+02 -6.8609047e+02 -6.4113457e+03 1.0786627e+03 -4.5203698e-01 -5.6445995e-01 -6.9068628e-01 1 1.1010000e+01 -9.5400000e+01 
1554394555361100292 1.5000000e+01 3.0000000e+01 0.0000000e+00 7239 3 11 1.9515891e+04 8.6926092e+02 1.6000000e+02 -2.7968864e+01 -1.0138721e+02 4.5001054e+03 -1.1409284e+03 -5.6649002e+03 -3.0484969e+03 2.1068965e-01 9.4760133e-01 -2.4012829e-01 1 1.1010000e+01 -9.5400000e+01 
1554394555361100292 1.5000000e+01 3.0000000e+01 0.0000000e+00 14528 2 11 9.0139111e+02 4.6945327e+02 1.6000000e+02 9.6426219e+00 -9.5526151e+01 1.5668989e+02 -6.2078439e+02 -6.4163945e+03 1.0880999e+03 -1.3498454e-01 -8.7103004e-01 -4.7231963e-01 1 1.1010000e+01 -9.5400000e+01 
1554394555361100292 1.5000000e+01 3.0000000e+01 0.0000000e+00 14528 2 11 2.1148288e+04 4.6945327e+02 1.6000000e+02 -2.8289055e+01 -1.0077417e+02 4.5268822e+03 -1.0770465e+03 -5.6599347e+03 -3.0805784e+03 -9.2640325e-02 9.8172501e-01 -1.6623411e-01 1 1.1010000e+01 -9.5400000e+01 
1554394555361100292 1.5000000e+01 3.0000000e+01 0.0000000e+00 35082 4 11 9.5003545e+02 1.1455482e+03 1.6000000e+02 9.7231833e+00 -9.5538429e+01 1.4767473e+02 -6.2201105e+02 -6.4147319e+03 1.0971053e+03 -2.6292682e-01 -9.5984762e-01 -9.7785693e-02 1 1.1010000e+01 -9.5400000e+01 
1554394555361100292 1.5000000e+01 3.0000000e+01 0.0000000e+00 35082 4 11 2.1906572e+04 1.1455482e+03 1.6000000e+02 -2.8367738e+01 -1.0080988e+02 4.5363087e+03 -1.0797783e+03 -5.6550954e+03 -3.0884476e+03 -1.5458444e-01 9.6903199e-01 1.9256335e-01 1 1.1010000e+01 -9.5400000e+01 
1554394555361100292 1.5000000e+01 3.0000000e+01 0.0000000e+00 37173 2 11 3.0701193e+03 4.2055822e+03 1.6000000e+02 9.5267837e+00 -9.5488883e+01 1.6956185e+02 -6.1681993e+02 -6.4189741e+03 1.0751475e+03 2.9904862e-01 -8.4288849e-01 4.4733535e-01 1 1.1010000e+01 -9.5400000e+01 
1554394555361100292 1.5000000e+01 3.0000000e+01 0.0000000e+00 37173 2 11 3.0746897e+03 4.2055822e+03 1.6000000e+02 9.5231000e+00 -9.5480939e+01 1.6993172e+02 -6.1593657e+02 -6.4191283e+03 1.0747355e+03 -3.4422818e-02 5.5846303e-01 -8.2881488e-01 1 1.1010000e+01 -9.5400000e+01 
1554394555361100292 1.5000000e+01 3.0000000e+01 0.0000000e+00 37173 2 11 3.0790169e+03 4.2055822e+03 1.6000000e+02 9.5205966e+00 -9.5489111e+01 1.7026820e+02 -6.1685654e+02 -6.4190872e+03 1.0744556e+03 -5.0418749e-01 -7.2447252e-01 4.7003674e-01 1 1.1010000e+01 -9.5400000e+01 
1554394555361100292 1.5000000e+01 3.0000000e+01 0.0000000e+00 37173 2 11 3.3347351e+04 4.2055822e+03 1.6000000e+02 -2.8186024e+01 -1.0067484e+02 4.5137867e+03 -1.0682577e+03 -5.6672361e+03 -3.0702656e+03 2.8471365e-01 7.5620967e-01 5.8913927e-01 1 1.1010000e+01 -9.5400000e+01 
1554394555361100292 1.5000000e+01 3.0000000e+01 0.0000000e+00 61833 5 11 7.6582539e+02 1.6445004e+03 1.6000000e+02 9.6159220e+00 -9.5533321e+01 1.5979808e+02 -6.2163610e+02 -6.4168208e+03 1.0851148e+03 -1.2909227e-01 -7.1276667e-01 -6.8941922e-01 1 1.1010000e+01 -9.5400000e+01 
1554394555361100292 1.5000000e+01 3.0000000e+01 0.0000000e+00 61833 5 11 1.7965542e+04 1.6445004e+03 1.6000000e+02 -2.8258974e+01 -1.0077071e+02 4.5234263e+03 -1.0770069e+03 -5.6615902e+03 -3.0775684e+03 -3.6325491e-02 9.1477877e-01 -4.0231861e-01 1 1.1010000e+01 -9.5400000e+01 
1554394555361100292 1.5000000e+01 3.0000000e+01 0.0000000e+00 93118 3 11 1.0315560e+03 6.2971450e+02 1.6000000e+02 9.7496897e+00 -9.5527494e+01 1.4454021e+02 -6.2073784e+02 -6.4143445e+03 1.1000678e+03 3.8972375e-01 -8.3825427e-01 -3.8137275e-01 1 1.1010000e+01 -9.5400000e+01 
1554394555361100292 1.5000000e+01 3.0000000e+01 0.0000000e+00 93118 3 11 2.2730667e+04 6.2971450e+02 1.6000000e+02 -2.8398483e+01 -1.0080866e+02 4.5397714e+03 -1.0793460e+03 -5.6534874e+03 -3.0915208e+03 6.8198536e-02 9.8816575e-01 1.3739508e-01 1 1.1010000e+01 -9.5400000e+01 
1554394555361100292 1.5000000e+01 3.0000000e+01 0.0000000e+00 110604 2 11 1.0180080e+03 3.2381230e+03 1.6000000e+02 9.6168405e+00 -9.5450647e+01 1.5909230e+02 -6.1237484e+02 -6.4176938e+03 1.0852175e+03 -6.0433634e-01 -7.7949839e-01 -1.6480247e-01 1 1.1010000e+01 -9.5400000e+01 
1554394555361100292 1.5000000e+01 3.0000000e+01 0.0000000e+00 110604 2 11 2.1604657e+04 3.2381230e+03 1.6000000e+02 -2.8299194e+01 -1.0067192e+02 4.5265628e+03 -1.0668428e+03 -5.6613112e+03 -3.0815928e+03 2.9799103e-01 9.4137293e-01 1.5817189e-01 1 1.1010000e+01 -9.5400000e+01 
1554394555361100292 1.5000000e+01 3.0000000e+01 0.0000000e+00 146424 2 11 1.0864708e+03 6.8393051e+03 1.6000000e+02 9.6234993e+00 -9.5572994e+01 1.5941835e+02 -6.2606521e+02 -6.4162460e+03 1.0859620e+03 -5.0330007e-01 -8.6371589e-01 2.6151397e-02 1 1.1010000e+01 -9.5400000e+01 
1554394555361100292 1.5000000e+01 3.0000000e+01 0.0000000e+00 146424 2 11 2.2990311e+04 6.8393051e+03 1.6000000e+02 -2.8250053e+01 -1.0079465e+02 4.5227642e+03 -1.0794625e+03 -5.6616109e+03 -3.0766757e+03 -6.5554065e-01 7.5460324e-01 2.8989772e-02 1 1.1010000e+01 -9.5400000e+01 
1554394555361100292 1.5000000e+01 3.0000000e+01 0.0000000e+00 170796 3 11 2.0456108e+03 3.3572868e+03 1.6000000e+02 9.8592859e+00 -9.5491947e+01 1.3172763e+02 -6.1655556e+02 -6.4126218e+03 1.1123143e+03 3.9774365e-01 -8.6576534e-01 3.0372744e-01 1 1.1010000e+01 -9.5400000e+01 
1554394555361100292 1.5000000e+01 3.0000000e+01 0.0000000e+00 170796 3 11 2.0493154e+03 3.3572868e+03 1.6000000e+02 9.8549188e+00 -9.5486060e+01 1.3217477e+02 -6.1590485e+02 -6.4127695e+03 1.1118264e+03 -1.7169485e-01 4.4299268e-01 -8.7993089e-01 1 1.1010000e+01 -9.5400000e+01 
1554394555361100292 1.5000000e+01 3.0000000e+01 0.0000000e+00 170796 3 11 2.0522157e+03 3.3572868e+03 1.6000000e+02 9.8521435e+00 -9.5491787e+01 1.3253885e+02 -6.1655102e+02 -6.4127615e+03 1.1115164e+03 -7.4903285e-01 -6.1250923e-01 2.5255143e-01 1 1.1010000e+01 -9.5400000e+01 
1554394555361100292 1.5000000e+01 3.0000000e+01 0.0000000e+00 170796 3 11 3.0256775e+04 3.3572868e+03 1.6000000e+02 -2.8527164e+01 -1.0078928e+02 4.5540600e+03 -1.0761296e+03 -5.6470072e+03 -3.1043742e+03 3.0650045e-01 7.8910400e-01 5.3232730e-01 1 1.1010000e+01 -9.5400000e+01 
1554394555361100292 1.5000000e+01 3.0000000e+01 0.0000000e+00 179543 2 11 8.7722622e+02 6.9374320e+03 1.6000000e+02 9.5192227e+00 -9.5742115e+01 1.7441419e+02 -6.4519815e+02 -6.4163263e+03 1.0743019e+03 7.6707554e-02 -3.5713995e-01 -9.3089581e-01 1 1.1010000e+01 -9.5400000e+01 
1554394555361100292 1.5000000e+01 3.0000000e+01 0.0000000e+00 179543 2 11 1.8621189e+04 6.9374320e+03 1.6000000e+02 -2.8078003e+01 -1.0095866e+02 4.5057245e+03 -1.0974180e+03 -5.6675559e+03 -3.0594427e+03 3.4139236e-01 8.9434004e-01 -2.8914901e-01 1 1.1010000e+01 -9.5400000e+01 
1554394555361100292 1.5000000e+01 3.0000000e+01 0.0000000e+00 182144 4 11 1.4467819e+03 2.3924681e+02 1.6000000e+02 1.0068787e+01 -9.6354732e+01 1.5169720e+02 -7.1259116e+02 -6.3985253e+03 1.1357134e+03 4.7797505e-01 -8.4584446e-01 -2.3682696e-01 1 1.1010000e+01 -9.5400000e+01 
1554394555361100292 1.5000000e+01 3.0000000e+01 0.0000000e+00 182144 4 11 3.0586599e+04 2.3924681e+02 1.6000000e+02 -2.8394861e+01 -1.0182537e+02 4.5554999e+03 -1.1795317e+03 -5.6336370e+03 -3.0911588e+03 -5.0709275e-01 8.5402600e-01 1.1617458e-01 1 1.1010000e+01 -9.5400000e+01 
1554394555361100292 1.5000000e+01 3.0000000e+01 0.0000000e+00 192942 2 11 8.9904917e+02 6.9971101e+03 1.6000000e+02 9.5237582e+00 -9.5310562e+01 1.6991019e+02 -5.9684451e+02 -6.4209192e+03 1.0748091e+03 -6.1760248e-01 -5.3712688e-01 -5.7451014e-01 1 1.1010000e+01 -9.5400000e+01 
1554394555361100292 1.5000000e+01 3.0000000e+01 0.0000000e+00 192942 2 11 1.9408778e+04 6.9971101e+03 1.6000000e+02 -2.8267340e+01 -1.0048513e+02 4.5203434e+03 -1.0486929e+03 -5.6664453e+03 -3.0784056e+03 3.8137161e-01 6.9822755e-01 -6.0583329e-01 1 1.1010000e+01 -9.5400000e+01 
1554394555361100292 1.5000000e+01 3.0000000e+01 0.0000000e+00 202215 2 11 1.4800766e+03 1.7085265e+03 1.6000000e+02 9.8055980e+00 -9.5577757e+01 1.3889023e+02 -6.2625995e+02 -6.4127260e+03 1.1063156e+03 4.8989027e-01 -8.5872714e-01 1.5031705e-01 1 1.1010000e+01 -9.5400000e+01 
1554394555361100292 1.5000000e+01 3.0000000e+01 0.0000000e+00 202215 2 11 1.4820706e+03 1.7085265e+03 1.6000000e+02 9.8027400e+00 -9.5574772e+01 1.3916561e+02 -6.2593125e+02 -6.4128135e+03 1.1059962e+03 -1.8363898e-01 3.5670096e-01 -9.1599189e-01 1 1.1010000e+01 -9.5400000e+01 
1554394555361100292 1.5000000e+01 3.0000000e+01 0.0000000e+00 202215 2 11 1.4835780e+03 1.7085265e+03 1.6000000e+02 9.8008939e+00 -9.5577579e+01 1.3941867e+02 -6.2624883e+02 -6.4128183e+03 1.1057900e+03 -8.4366028e-01 -5.3295996e-01 6.4738011e-02 1 1.1010000e+01 -9.5400000e+01 
1554394555361100292 1.5000000e+01 3.0000000e+01 0.0000000e+00 202215 2 11 2.8209552e+04 1.7085265e+03 1.6000000e+02 -2.8432843e+01 -1.0087599e+02 4.5446449e+03 -1.0856385e+03 -5.6503907e+03 -3.0949544e+03 -6.3659691e-01 7.0843145e-01 3.0474456e-01 1 1.1010000e+01 -9.5400000e+01 
1554394555361100292 1.5000000e+01 3.0000000e+01 0.0000000e+00 202215 2 11 2.8211433e+04 1.7085265e+03 1.6000000e+02 -2.8435052e+01 -1.0087999e+02 4.5449469e+03 -1.0860107e+03 -5.6501975e+03 -3.0951751e+03 -2.0890268e-01 1.2642913e-01 -9.6972952e-01 1 1.1010000e+01 -9.5400000e+01 
1554394555361100292 1.5000000e+01 3.0000000e+01 0.0000000e+00 202215 2 11 2.8213107e+04 1.7085265e+03 1.6000000e+02 -2.8438555e+01 -1.0087798e+02 4.5453207e+03 -1.0857759e+03 -5.6500496e+03 -3.0955251e+03 8.1369115e-01 5.6693354e-01 -1.2842537e-01 1 1.1010000e+01 -9.5400000e+01 
1554394555361100292 1.5000000e+01 3.0000000e+01 0.0000000e+00 213872 4 11 1.1876459e+03 4.2761300e+03 1.6000000e+02 9.5849537e+00 -9.5370255e+01 1.6266383e+02 -6.0342600e+02 -6.4191471e+03 1.0816523e+03 6.6901460e-01 -7.0303139e-01 -2.4117696e-01 1 1.1010000e+01 -9.5400000e+01 
1554394555361100292 1.5000000e+01 3.0000000e+01 0.0000000e+00 213872 4 11 1.1908998e+03 4.2761300e+03 1.6000000e+02 9.5786672e+00 -9.5365664e+01 1.6339269e+02 -6.0292267e+02 -6.4193136e+03 1.0809494e+03 -4.8270539e-02 1.9408997e-01 -9.7979541e-01 1 1.1010000e+01 -9.5400000e+01 
1554394555361100292 1.5000000e+01 3.0000000e+01 0.0000000e+00 213872 4 11 1.1940776e+03 4.2761300e+03 1.6000000e+02 9.5731683e+00 -9.5370790e+01 1.6400727e+02 -6.0350675e+02 -6.4193629e+03 1.0803345e+03 -8.4623227e-01 -5.0082061e-01 -1.8185065e-01 1 1.1010000e+01 -9.5400000e+01 
1554394555361100292 1.5000000e+01 3.0000000e+01 0.0000000e+00 213872 4 11 2.4231199e+04 4.2761300e+03 1.6000000e+02 -2.8289571e+01 -1.0056603e+02 4.5239819e+03 -1.0564725e+03 -5.6637827e+03 -3.0806301e+03 2.6203140e-01 8.9872197e-01 3.5162249e-01 1 1.1010000e+01 -9.5400000e+01 
1554394555361100292 1.5000000e+01 3.0000000e+01 0.0000000e+00 233186 2 11 9.0856832e+02 4.5340032e+03 1.6000000e+02 9.6959627e+00 -9.5365055e+01 1.5001256e+02 -6.0264622e+02 -6.4171030e+03 1.0940627e+03 5.4287073e-01 -6.4774631e-01 -5.3452417e-01 1 1.1010000e+01 -9.5400000e+01 
1554394555361100292 1.5000000e+01 3.0000000e+01 0.0000000e+00 233186 2 11 2.0956330e+04 4.5340032e+03 1.6000000e+02 -2.8403145e+01 -1.0059642e+02 4.5372745e+03 -1.0583504e+03 -5.6571992e+03 -3.0919867e+03 -1.4815340e-01 9.6953120e-01 1.9508927e-01 1 1.1010000e+01 -9.5400000e+01 
1554394555361100292 1.5000000e+01 3.0000000e+01 0.0000000e+00 236862 2 11 1.0921371e+03 4.7406198e+03 1.6000000e+02 9.5609945e+00 -9.5357472e+01 1.6543268e+02 -6.0203593e+02 -6.4197315e+03 1.0789732e+03 -1.7081912e-02 -9.9614198e-01 8.6077715e-02 1 1.1010000e+01 -9.5400000e+01 
1554394555361100292 1.5000000e+01 3.0000000e+01 0.0000000e+00 236862 2 11 2.3239557e+04 4.7406198e+03 1.6000000e+02 -2.8280316e+01 -1.0054446e+02 4.5226332e+03 -1.0544320e+03 -5.6646698e+03 -3.0797041e+03 6.3508321e-01 7.7148375e-01 -3.8498585e-02 1 1.1010000e+01 -9.5400000e+01 
1554394555361100292 1.5000000e+01 3.0000000e+01 0.0000000e+00 247745 2 11 1.0853636e+03 1.0021843e+03 1.6000000e+02 1.0198125e+01 -9.5448108e+01 9.2811162e+01 -6.1101358e+02 -6.4064306e+03 1.1501517e+03 -7.5345161e-02 -9.8191563e-01 1.7368020e-01 1 1.1010000e+01 -9.5400000e+01 
1554394555361100292 1.5000000e+01 3.0000000e+01 0.0000000e+00 247745 2 11 2.6162300e+04 1.0021843e+03 1.6000000e+02 -2.8895221e+01 -1.0086164e+02 4.5967775e+03 -1.0794743e+03 -5.6259136e+03 -3.1410524e+03 2.0622094e-01 8.9710139e-01 3.9074546e-01 1 1.1010000e+01 -9.5400000e+01 
1554394555361100292 1.5000000e+01 3.0000000e+01 0.0000000e+00 269948 4 -11 1.3982349e+03 1.2747007e+03 1.6000000e+02 9.8421805e+00 -9.5526595e+01 1.3403013e+02 -6.2046527e+02 -6.4125781e+03 1.1104032e+03 2.3940801e-02 -9.9679851e-01 7.6286145e-02 1 1.1010000e+01 -9.5400000e+01 
1554394555361100292 1.5000000e+01 3.0000000e+01 0.0000000e+00 269948 4 -11 2.4538835e+04 1.2747007e+03 1.6000000e+02 -2.8492891e+01 -1.0084815e+02 4.5510340e+03 -1.0822805e+03 -5.6477242e+03 -3.1009523e+03 4.8011971e-01 8.6199539e-01 1.6263154e-01 1 1.1010000e+01 -9.5400000e+01 
1554394555361100292 1.5000000e+01 3.0000000e+01 0.0000000e+00 277680 2 11 8.5834707e+02 2.2149203e+03 1.6000000e+02 9.5833404e+00 -9.5454089e+01 1.6292687e+02 -6.1282056e+02 -6.4182877e+03 1.0814719e+03 -1.1260030e-01 -9.1246936e-01 -3.9334569e-01 1 1.1010000e+01 -9.5400000e+01 
1554394555361100292 1.5000000e+01 3.0000000e+01 0.0000000e+00 277680 2 11 1.8795881e+04 2.2149203e+03 1.6000000e+02 -2.8256697e+01 -1.0066899e+02 4.5217078e+03 -1.0669765e+03 -5.6636136e+03 -3.0773406e+03 -1.9597634e-01 9.7472963e-01 -1.0721670e-01 1 1.1010000e+01 -9.5400000e+01 
1554394555361100292 1.5000000e+01 3.0000000e+01 0.0000000e+00 282685 2 11 7.8172023e+02 8.1322846e+03 1.6000000e+02 9.6329465e+00 -9.5617053e+01 1.5903082e+02 -6.3098140e+02 -6.4155843e+03 1.0870182e+03 -2.0935692e-01 -4.1129839e-01 -8.8713207e-01 1 1.1010000e+01 -9.5400000e+01 
1554394555361100292 1.5000000e+01 3.0000000e+01 0.0000000e+00 282685 2 11 1.8183131e+04 8.1322846e+03 1.6000000e+02 -2.8246473e+01 -1.0085834e+02 4.5232918e+03 -1.0857917e+03 -5.6605965e+03 -3.0763173e+03 2.7669355e-02 7.2812289e-01 -6.8488792e-01 1 1.1010000e+01 -9.5400000e+01 
1554394555361100292 1.5000000e+01 3.0000000e+01 0.0000000e+00 292664 3 -11 1.8033604e+03 1.1238705e+04 1.6000000e+02 9.7528563e+00 -9.5490236e+01 1.4382568e+02 -6.1656073e+02 -6.4146863e+03 1.1004217e+03 -7.4526452e-01 -6.4540500e-01 1.6743111e-01 1 1.1010000e+01 -9.5400000e+01 
1554394555361100292 1.5000000e+01 3.0000000e+01 0.0000000e+00 292664 3 -11 1.8124898e+03 1.1238705e+04 1.6000000e+02 9.7417422e+00 -9.5507382e+01 1.4523819e+02 -6.1850080e+02 -6.4147139e+03 1.0991795e+03 -6.3314035e-02 3.6433013e-01 -9.2911511e-01 1 1.1010000e+01 -9.5400000e+01 
1554394555361100292 1.5000000e+01 3.0000000e+01 0.0000000e+00 292664 3 -11 1.8221930e+03 1.1238705e+04 1.6000000e+02 9.7275984e+00 -9.5491702e+01 1.4671257e+02 -6.1677122e+02 -6.4151529e+03 1.0975987e+03 5.8317873e-01 -8.0691279e-01 9.3778007e-02 1 1.1010000e+01 -9.5400000e+01 
1554394555361100292 1.5000000e+01 3.0000000e+01 0.0000000e+00 292664 3 -11 2.7967661e+04 1.1238705e+04 1.6000000e+02 -2.8399992e+01 -1.0082264e+02 4.5401457e+03 -1.0807100e+03 -5.6531438e+03 -3.0916717e+03 -3.6148248e-02 8.4032762e-01 5.4087225e-01 1 1.1010000e+01 -9.5400000e+01 
1554394555361100292 1.5000000e+01 3.0000000e+01 0.0000000e+00 333826 3 11 1.5246700e+03 8.2911883e+02 1.6000000e+02 9.4275600e+00 -9.5336414e+01 1.8073228e+02 -5.9990856e+02 -6.4224373e+03 1.0640494e+03 2.9420356e-01 -9.2954328e-01 2.2224660e-01 1 1.1010000e+01 -9.5400000e+01 
1554394555361100292 1.5000000e+01 3.0000000e+01 0.0000000e+00 333826 3 11 1.5261964e+03 8.2911883e+02 1.6000000e+02 9.4254837e+00 -9.5334779e+01 1.8097666e+02 -5.9972896e+02 -6.4224929e+03 1.0638171e+03 -5.5881057e-01 2.8136742e-01 -7.8010456e-01 1 1.1010000e+01 -9.5400000e+01 
1554394555361100292 1.5000000e+01 3.0000000e+01 0.0000000e+00 333826 3 11 1.5266561e+03 8.2911883e+02 1.6000000e+02 9.4249299e+00 -9.5335621e+01 1.8103572e+02 -5.9982425e+02 -6.4224943e+03 1.0637552e+03 -9.4318411e-01 -1.8602384e-01 -2.7531593e-01 1 1.1010000e+01 -9.5400000e+01 
1554394555361100292 1.5000000e+01 3.0000000e+01 0.0000000e+00 333826 3 11 2.8954155e+04 8.2911883e+02 1.6000000e+02 -2.8143759e+01 -1.0049280e+02 4.5064429e+03 -1.0506598e+03 -5.6728301e+03 -3.0660322e+03 3.3667173e-01 8.3484563e-01 4.3552833e-01 1 1.1010000e+01 -9.5400000e+01 
1554394555370025933 1.5000000e+01 3.0000000e+01 0.0000000e+00 89158 3 11 9.5352120e+02 3.6259678e+03 1.6000000e+02 1.0047242e+01 -9.5684667e+01 1.1442137e+02 -6.3775667e+02 -6.4068458e+03 1.1333077e+03 -7.7129523e-02 -9.9561324e-01 5.2965114e-02 1 1.1010000e+01 -9.5400000e+01 
1554394555370025933 1.5000000e+01 3.0000000e+01 0.0000000e+00 89158 3 11 2.2948008e+04 3.6259678e+03 1.6000000e+02 -2.8649904e+01 -1.0106858e+02 4.5720746e+03 -1.1023627e+03 -5.6351452e+03 -3.1166199e+03 6.6774412e-01 6.6733600e-01 -3.2981882e-01 1 1.1010000e+01 -9.5400000e+01 
1554394555370025933 1.5000000e+01 3.0000000e+01 0.0000000e+00 130420 4 11 1.3172054e+03 8.2877495e+02 1.6000000e+02 9.5844071e+00 -9.5524158e+01 1.6328809e+02 -6.2066733e+02 -6.4175134e+03 1.0815912e+03 -2.8420704e-01 -9.3381939e-01 2.1727334e-01 1 1.1010000e+01 -9.5400000e+01 
1554394555370025933 1.5000000e+01 3.0000000e+01 0.0000000e+00 130420 4 11 2.7200395e+04 8.2877495e+02 1.6000000e+02 -2.8229175e+01 -1.0075079e+02 4.5197640e+03 -1.0753369e+03 -5.6635384e+03 -3.0745859e+03 -6.3789602e-01 7.4102880e-01 2.0967830e-01 1 1.1010000e+01 -9.5400000e+01 
1554394555370025933 1.5000000e+01 3.0000000e+01 0.0000000e+00 130420 4 11 2.7201585e+04 8.2877495e+02 1.6000000e+02 -2.8230732e+01 -1.0075299e+02 4.5199652e+03 -1.0755388e+03 -5.6634149e+03 -3.0747418e+03 -1.0295941e-01 1.9350972e-01 -9.7568097e-01 1 1.1010000e+01 -9.5400000e+01 
1554394555370025933 1.5000000e+01 3.0000000e+01 0.0000000e+00 130420 4 11 2.7202327e+04 8.2877495e+02 1.6000000e+02 -2.8232405e+01 -1.0075225e+02 4.5201508e+03 -1.0754491e+03 -5.6633404e+03 -3.0749092e+03 7.5636135e-01 4.9977998e-01 -4.2206337e-01 1 1.1010000e+01 -9.5400000e+01 
1554394555370025933 1.5000000e+01 3.0000000e+01 0.0000000e+00 150536 4 11 8.4958747e+02 3.2474146e+03 1.6000000e+02 9.6156119e+00 -9.5557453e+01 1.6010978e+02 -6.2433933e+02 -6.4165643e+03 1.0850802e+03 -1.3581806e-01 -9.6855133e-01 -2.0847487e-01 1 1.1010000e+01 -9.5400000e+01 
1554394555370025933 1.5000000e+01 3.0000000e+01 0.0000000e+00 150536 4 11 1.9863442e+04 3.2474146e+03 1.6000000e+02 -2.8252834e+01 -1.0079296e+02 4.5230544e+03 -1.0792673e+03 -5.6614959e+03 -3.0769540e+03 3.5592151e-01 6.3477836e-01 -6.8583986e-01 1 1.1010000e+01 -9.5400000e+01 
1554394555370025933 1.5000000e+01 3.0000000e+01 0.0000000e+00 158643 2 11 9.8032539e+02 5.1702868e+03 1.6000000e+02 9.7722235e+00 -9.5502541e+01 1.4172654e+02 -6.1790271e+02 -6.4141831e+03 1.1025861e+03 2.9126743e-01 -9.3085544e-01 -2.2061602e-01 1 1.1010000e+01 -9.5400000e+01 
1554394555370025933 1.5000000e+01 3.0000000e+01 0.0000000e+00 158643 2 11 2.1048669e+04 5.1702868e+03 1.6000000e+02 -2.8436052e+01 -1.0077238e+02 4.5434997e+03 -1.0753863e+03 -5.6521742e+03 -3.0952750e+03 5.2632496e-01 8.3679027e-01 -1.5087774e-01 1 1.1010000e+01 -9.5400000e+01 
1554394555370025933 1.5000000e+01 3.0000000e+01 0.0000000e+00 176476 6 11 1.1649217e+03 5.2487337e+02 1.6000000e+02 9.1313263e+00 -9.4900709e+01 2.2161471e+02 -5.5151513e+02 -6.4322104e+03 1.0308974e+03 -4.6925586e-01 -8.6408687e-01 -1.8207914e-01 1 1.1010000e+01 -9.5400000e+01 
1554394555370025933 1.5000000e+01 3.0000000e+01 0.0000000e+00 176476 6 11 2.3334397e+04 5.2487337e+02 1.6000000e+02 -2.8013025e+01 -9.9919465e+01 4.4841224e+03 -9.9504653e+02 -5.6899460e+03 -3.0529273e+03 -5.9456584e-01 5.8812381e-01 -5.4827169e-01 1 1.1010000e+01 -9.5400000e+01 
1554394555370025933 1.5000000e+01 3.0000000e+01 0.0000000e+00 217172 2 11 8.9096985e+02 4.9734512e+03 1.6000000e+02 9.4755791e+00 -9.5481966e+01 1.7535301e+02 -6.1613652e+02 -6.4200026e+03 1.0694207e+03 -5.5110336e-01 -7.4919894e-01 -3.6740445e-01 1 1.1010000e+01 -9.5400000e+01 
1554394555370025933 1.5000000e+01 3.0000000e+01 0.0000000e+00 217172 2 11 1.9488071e+04 4.9734512e+03 1.6000000e+02 -2.8135365e+01 -1.0065817e+02 4.5078116e+03 -1.0671114e+03 -5.6702161e+03 -3.0651913e+03 -5.1344556e-01 8.2696522e-01 -2.2913354e-01 1 1.1010000e+01 -9.5400000e+01 
1554394555370025933 1.5000000e+01 3.0000000e+01 0.0000000e+00 221877 4 11 1.6008936e+03 1.3288969e+03 1.6000000e+02 9.5642291e+00 -9.5248793e+01 1.6586585e+02 -5.8985239e+02 -6.4208012e+03 1.0793349e+03 2.2424854e-01 -9.2908315e-01 2.9413788e-01 1 1.1010000e+01 -9.5400000e+01 
1554394555370025933 1.5000000e+01 3.0000000e+01 0.0000000e+00 221877 4 11 1.6031221e+03 1.3288969e+03 1.6000000e+02 9.5613384e+00 -9.5246445e+01 1.6622140e+02 -5.8959424e+02 -6.4208796e+03 1.0790117e+03 -6.3311572e-01 2.7982293e-01 -7.2170882e-01 1 1.1010000e+01 -9.5400000e+01 
1554394555370025933 1.5000000e+01 3.0000000e+01 0.0000000e+00 221877 4 11 1.6037114e+03 1.3288969e+03 1.6000000e+02 9.5606717e+00 -9.5247649e+01 1.6628288e+02 -5.8973023e+02 -6.4208797e+03 1.0789371e+03 -9.5711625e-01 -1.9747711e-01 -2.1196999e-01 1 1.1010000e+01 -9.5400000e+01 
1554394555370025933 1.5000000e+01 3.0000000e+01 0.0000000e+00 221877 4 11 2.8997044e+04 1.3288969e+03 1.6000000e+02 -2.8317139e+01 -1.0043623e+02 4.5253203e+03 -1.0433707e+03 -5.6647009e+03 -3.0833877e+03 -7.4264022e-01 6.3682619e-01 2.0721464e-01 1 1.1010000e+01 -9.5400000e+01 
1554394555370025933 1.5000000e+01 3.0000000e+01 0.0000000e+00 221877 4 11 2.8998208e+04 1.3288969e+03 1.6000000e+02 -2.8318314e+01 -1.0043893e+02 4.5254833e+03 -1.0436261e+03 -5.6645895e+03 -3.0835053e+03 -5.0714944e-01 1.4064839e-01 -8.5030434e-01 1 1.1010000e+01 -9.5400000e+01 
1554394555370025933 1.5000000e+01 3.0000000e+01 0.0000000e+00 221877 4 11 2.9000076e+04 1.3288969e+03 1.6000000e+02 -2.8321934e+01 -1.0043714e+02 4.5258763e+03 -1.0434136e+03 -5.6644302e+03 -3.0838674e+03 7.5385408e-01 6.5202958e-01 8.1002751e-02 1 1.1010000e+01 -9.5400000e+01 
1554394555370025933 1.5000000e+01 3.0000000e+01 0.0000000e+00 221877 4 11 3.1604066e+04 8.1699059e+02 1.6000000e+02 -2.8314907e+01 -1.0043553e+02 4.5250508e+03 -1.0433225e+03 -5.6648321e+03 -3.0831645e+03 -3.1231360e-01 -7.4896564e-01 -5.8438915e-01 1 1.1010000e+01 -9.5400000e+01 
1554394555370025933 1.5000000e+01 3.0000000e+01 0.0000000e+00 221877 4 11 6.4578041e+04 8.1699059e+02 1.6000000e+02 9.5548153e+00 -9.5237893e+01 1.6706375e+02 -5.8864700e+02 -6.4210898e+03 1.0782822e+03 -7.3406689e-01 6.4638793e-01 -2.0815486e-01 1 1.1010000e+01 -9.5400000e+01 
1554394555370025933 1.5000000e+01 3.0000000e+01 0.0000000e+00 221877 4 11 6.4578753e+04 8.1699059e+02 1.6000000e+02 9.5552667e+00 -9.5239344e+01 1.6699460e+02 -5.8880884e+02 -6.4210665e+03 1.0783327e+03 -6.5953105e-01 -3.0343715e-01 6.8770974e-01 1 1.1010000e+01 -9.5400000e+01 
1554394555370025933 1.5000000e+01 3.0000000e+01 0.0000000e+00 221877 4 11 6.4580521e+04 8.1699059e+02 1.6000000e+02 9.5563081e+00 -9.5237350e+01 1.6690105e+02 -5.8858365e+02 -6.4210674e+03 1.0784492e+03 3.5942038e-02 8.4852053e-01 -5.2794041e-01 1 1.1010000e+01 -9.5400000e+01 
1554394555370025933 1.5000000e+01 3.0000000e+01 0.0000000e+00 221877 4 11 6.4582190e+04 8.1699059e+02 1.6000000e+02 9.5573888e+00 -9.5239409e+01 1.6675305e+02 -5.8881248e+02 -6.4210260e+03 1.0785700e+03 3.8981916e-01 -5.4256371e-01 7.4408712e-01 1 1.1010000e+01 -9.5400000e+01 
1554394555370025933 1.5000000e+01 3.0000000e+01 0.0000000e+00 221877 4 11 6.4583006e+04 8.1699059e+02 1.6000000e+02 9.5578587e+00 -9.5237651e+01 1.6672147e+02 -5.8861467e+02 -6.4210353e+03 1.0786225e+03 7.9044588e-01 5.1445184e-01 -3.3246747e-01 1 1.1010000e+01 -9.5400000e+01 
1554394555370025933 1.5000000e+01 3.0000000e+01 0.0000000e+00 225006 3 11 1.9039750e+03 5.2475233e+03 1.6000000e+02 9.2821273e+00 -9.5459047e+01 1.9729921e+02 -6.1390850e+02 -6.4238071e+03 1.0477772e+03 7.7500066e-01 -6.2908556e-01 -6.0210803e-02 1 1.1010000e+01 -9.5400000e+01 
1554394555370025933 1.5000000e+01 3.0000000e+01 0.0000000e+00 225006 3 11 1.9068523e+03 5.2475233e+03 1.6000000e+02 9.2783030e+00 -9.5453021e+01 1.9771414e+02 -6.1323955e+02 -6.4239413e+03 1.0473492e+03 4.6846660e-01 2.6638084e-01 -8.4236589e-01 1 1.1010000e+01 -9.5400000e+01 
1554394555370025933 1.5000000e+01 3.0000000e+01 0.0000000e+00 225006 3 11 1.9135210e+03 5.2475233e+03 1.6000000e+02 9.2709443e+00 -9.5462270e+01 1.9858710e+02 -6.1428933e+02 -6.4239761e+03 1.0465257e+03 -4.3228277e-01 -8.3748283e-01 3.3429645e-01 1 1.1010000e+01 -9.5400000e+01 
1554394555370025933 1.5000000e+01 3.0000000e+01 0.0000000e+00 225006 3 11 2.8442480e+04 5.2475233e+03 1.6000000e+02 -2.7934937e+01 -1.0056148e+02 4.4837391e+03 -1.0595034e+03 -5.6825301e+03 -3.0450921e+03 -2.0939146e-01 8.1685749e-01 5.3749330e-01 1 1.1010000e+01 -9.5400000e+01 
1554394555370025933 1.5000000e+01 3.0000000e+01 0.0000000e+00 239135 2 11 3.2192674e+03 1.6904539e+03 1.6000000e+02 1.0193520e+01 -9.5541398e+01 9.4519962e+01 -6.2145281e+02 -6.4055193e+03 1.1496377e+03 7.3973845e-01 -6.7050914e-01 5.6608492e-02 1 1.1010000e+01 -9.5400000e+01 
1554394555370025933 1.5000000e+01 3.0000000e+01 0.0000000e+00 239135 2 11 3.2204390e+03 1.6904539e+03 1.6000000e+02 1.0192117e+01 -9.5538930e+01 9.4631993e+01 -6.2117960e+02 -6.4055740e+03 1.1494811e+03 4.5028385e-01 2.7798567e-01 -8.4850953e-01 1 1.1010000e+01 -9.5400000e+01 
1554394555370025933 1.5000000e+01 3.0000000e+01 0.0000000e+00 239135 2 11 3.2229425e+03 1.6904539e+03 1.6000000e+02 1.0189618e+01 -9.5542398e+01 9.4977846e+01 -6.2157218e+02 -6.4055863e+03 1.1492022e+03 -4.3850076e-01 -8.0508917e-01 3.9943523e-01 1 1.1010000e+01 -9.5400000e+01 
1554394555370025933 1.5000000e+01 3.0000000e+01 0.0000000e+00 239135 2 11 3.2299450e+04 1.6904539e+03 1.6000000e+02 -2.8851720e+01 -1.0096066e+02 4.5932986e+03 -1.0896497e+03 -5.6263828e+03 -3.1367240e+03 5.1065176e-01 7.4293498e-01 4.3276136e-01 1 1.1010000e+01 -9.5400000e+01 
1554394555370025933 1.5000000e+01 3.0000000e+01 0.0000000e+00 239135 8 11 1.7226176e+03 4.8328603e+02 1.6000000e+02 1.0191959e+01 -9.5539602e+01 9.4662015e+01 -6.2125500e+02 -6.4055699e+03 1.1494636e+03 -3.5243842e-01 -9.1181932e-01 -2.1064823e-01 1 1.1010000e+01 -9.5400000e+01 
1554394555370025933 1.5000000e+01 3.0000000e+01 0.0000000e+00 239135 8 11 2.4473051e+04 4.8328603e+02 1.6000000e+02 -2.8851526e+01 -1.0096470e+02 4.5933362e+03 -1.0900484e+03 -5.6263164e+03 -3.1367048e+03 -8.5862462e-02 9.8936365e-01 1.1741891e-01 1 1.1010000e+01 -9.5400000e+01 
1554394555370025933 1.5000000e+01 3.0000000e+01 0.0000000e+00 246997 3 11 8.9751067e+02 4.6626844e+02 1.6000000e+02 9.6137202e+00 -9.5295484e+01 1.5977822e+02 -5.9499831e+02 -6.4193875e+03 1.0848687e+03 -4.7546149e-01 -6.4225835e-01 -6.0119928e-01 1 1.1010000e+01 -9.5400000e+01 
1554394555370025933 1.5000000e+01 3.0000000e+01 0.0000000e+00 246997 3 11 2.1543681e+04 4.6626844e+02 1.6000000e+02 -2.8352133e+01 -1.0050956e+02 4.5302894e+03 -1.0502754e+03 -5.6615056e+03 -3.0868873e+03 -2.9937800e-01 9.3437695e-01 -1.9316453e-01 1 1.1010000e+01 -9.5400000e+01 
1554394555370025933 1.5000000e+01 3.0000000e+01 0.0000000e+00 248867 4 11 9.4505342e+02 3.7007667e+03 1.6000000e+02 9.4139560e+00 -9.5392124e+01 1.8214576e+02 -6.0617675e+02 -6.4221024e+03 1.0625276e+03 -1.2395135e-01 -9.3218846e-01 -3.4008930e-01 1 1.1010000e+01 -9.5400000e+01 
1554394555370025933 1.5000000e+01 3.0000000e+01 0.0000000e+00 248867 4 11 1.8845562e+04 3.7007667e+03 1.6000000e+02 -2.8107124e+01 -1.0054103e+02 4.5029608e+03 -1.0557934e+03 -5.6738727e+03 -3.0623615e+03 -1.7203362e-01 9.8414669e-01 -4.3124605e-02 1 1.1010000e+01 -9.5400000e+01 
1554394555370025933 1.5000000e+01 3.0000000e+01 0.0000000e+00 256637 2 11 1.2919326e+03 6.1916053e+03 1.6000000e+02 9.6504353e+00 -9.5527732e+01 1.5581812e+02 -6.2094714e+02 -6.4162296e+03 1.0889734e+03 2.4226673e-01 -9.6460365e-01 1.0414711e-01 1 1.1010000e+01 -9.5400000e+01 
1554394555370025933 1.5000000e+01 3.0000000e+01 0.0000000e+00 256637 2 11 2.4620484e+04 6.1916053e+03 1.6000000e+02 -2.8297725e+01 -1.0075088e+02 4.5275271e+03 -1.0746580e+03 -5.6599134e+03 -3.0814458e+03 2.0302422e-01 8.9810561e-01 3.9011214e-01 1 1.1010000e+01 -9.5400000e+01 
1554394555370025933 1.5000000e+01 3.0000000e+01 0.0000000e+00 275842 3 11 9.0710462e+02 1.5257212e+03 1.6000000e+02 9.4401738e+00 -9.5576224e+01 1.8024151e+02 -6.2676140e+02 -6.4196369e+03 1.0654604e+03 -6.6505622e-02 -9.8086989e-01 -1.8295153e-01 1 1.1010000e+01 -9.5400000e+01 
1554394555370025933 1.5000000e+01 3.0000000e+01 0.0000000e+00 275842 3 11 2.0473170e+04 1.5257212e+03 1.6000000e+02 -2.8058611e+01 -1.0076164e+02 4.5006108e+03 -1.0781164e+03 -5.6723144e+03 -3.0574986e+03 -5.5007385e-01 6.4519249e-01 -5.3023146e-01 1 1.1010000e+01 -9.5400000e+01 
1554394555370025933 1.5000000e+01 3.0000000e+01 0.0000000e+00 275842 4 11 1.1739027e+03 4.7074108e+02 1.6000000e+02 9.4417586e+00 -9.5577223e+01 1.8007411e+02 -6.2687050e+02 -6.4195966e+03 1.0656377e+03 4.5574944e-02 -9.9871037e-01 2.2372541e-02 1 1.1010000e+01 -9.5400000e+01 
1554394555370025933 1.5000000e+01 3.0000000e+01 0.0000000e+00 275842 4 11 2.6061519e+04 4.7074108e+02 1.6000000e+02 -2.8062025e+01 -1.0076624e+02 4.5010643e+03 -1.0785379e+03 -5.6720486e+03 -3.0578409e+03 5.7522114e-01 8.1799716e-01 -1.1349025e-03 1 1.1010000e+01 -9.5400000e+01 
1554394555370025933 1.5000000e+01 3.0000000e+01 0.0000000e+00 282877 2 11 9.1396469e+02 2.3949365e+03 1.6000000e+02 9.5132932e+00 -9.5565284e+01 1.7181282e+02 -6.2540330e+02 -6.4183977e+03 1.0736388e+03 8.6027612e-03 -9.8233665e-01 -1.8692432e-01 1 1.1010000e+01 -9.5400000e+01 
1554394555370025933 1.5000000e+01 3.0000000e+01 0.0000000e+00 282877 2 11 2.0296470e+04 2.3949365e+03 1.6000000e+02 -2.8138409e+01 -1.0076778e+02 4.5097341e+03 -1.0779264e+03 -5.6680040e+03 -3.0654963e+03 -3.3935969e-01 9.3886487e-01 5.8032434e-02 1 1.1010000e+01 -9.5400000e+01 
1554394555370025933 1.5000000e+01 3.0000000e+01 0.0000000e+00 305014 5 11 1.6509447e+03 2.6943623e+02 1.6000000e+02 9.3515650e+00 -9.4946161e+01 1.9600817e+02 -5.5627175e+02 -6.4277751e+03 1.0555473e+03 -1.2326394e-01 -9.8790189e-01 -9.4105585e-02 1 1.1010000e+01 -9.5400000e+01 
1554394555370025933 1.5000000e+01 3.0000000e+01 0.0000000e+00 305014 5 11 2.7754561e+04 2.6943623e+02 1.6000000e+02 -2.8221529e+01 -1.0003864e+02 4.5092768e+03 -1.0049334e+03 -5.6768709e+03 -3.0738205e+03 -4.4724364e-01 8.9162126e-01 7.0602083e-02 1 1.1010000e+01 -9.5400000e+01 
1554394555370025933 1.5000000e+01 3.0000000e+01 0.0000000e+00 320738 3 11 1.6096790e+03 1.9634832e+03 1.6000000e+02 1.0081347e+01 -9.5315849e+01 1.0640067e+02 -5.9643965e+02 -6.4101453e+03 1.1371158e+03 -1.4354666e-01 -9.2048763e-01 3.6345134e-01 1 1.1010000e+01 -9.5400000e+01 
1554394555370025933 1.5000000e+01 3.0000000e+01 0.0000000e+00 320738 3 11 2.9003478e+04 1.9634832e+03 1.6000000e+02 -2.8829989e+01 -1.0067207e+02 4.5866932e+03 -1.0615175e+03 -5.6329703e+03 -3.1345611e+03 4.6478276e-01 7.8405356e-01 4.1138426e-01 1 1.1010000e+01 -9.5400000e+01 
1554394555370025933 1.5000000e+01 3.0000000e+01 0.0000000e+00 325832 6 11 1.0084724e+03 2.2043821e+03 1.6000000e+02 9.7808887e+00 -9.5625972e+01 1.4254438e+02 -6.3170276e+02 -6.4126710e+03 1.1035544e+03 1.8463437e-01 -9.8259969e-01 -2.0199184e-02 1 1.1010000e+01 -9.5400000e+01 
1554394555370025933 1.5000000e+01 3.0000000e+01 0.0000000e+00 325832 6 11 2.2861917e+04 2.2043821e+03 1.6000000e+02 -2.8393701e+01 -1.0092101e+02 4.5408798e+03 -1.0904783e+03 -5.6516139e+03 -3.0910429e+03 4.9280803e-01 8.6474431e-01 9.6734346e-02 1 1.1010000e+01 -9.5400000e+01 
1554394555370025933 1.5000000e+01 3.0000000e+01 0.0000000e+00 325832 6 11 2.4927819e+04 9.7903455e+02 1.6000000e+02 -2.8391112e+01 -1.0092380e+02 4.5406213e+03 -1.0907800e+03 -5.6516981e+03 -3.0907841e+03 2.0290523e-01 -7.8993823e-01 -5.7864243e-01 1 1.1010000e+01 -9.5400000e+01 
1554394555370025933 1.5000000e+01 3.0000000e+01 0.0000000e+00 325832 6 11 5.4654876e+04 9.7903455e+02 1.6000000e+02 9.7751022e+00 -9.5614092e+01 1.4296431e+02 -6.3038403e+02 -6.4129127e+03 1.1029078e+03 -2.1765715e-01 9.0355772e-01 -3.6906478e-01 1 1.1010000e+01 -9.5400000e+01 
1554394555370025933 1.5000000e+01 3.0000000e+01 0.0000000e+00 325832 6 11 5.4656584e+04 9.7903455e+02 1.6000000e+02 9.7768830e+00 -9.5616249e+01 1.4280471e+02 -6.3062208e+02 -6.4128549e+03 1.1031068e+03 3.9025484e-01 -4.2663964e-01 8.1589201e-01 1 1.1010000e+01 -9.5400000e+01 
1554394555370025933 1.5000000e+01 3.0000000e+01 0.0000000e+00 325832 6 11 5.4657387e+04 9.7903455e+02 1.6000000e+02 9.7776771e+00 -9.5614524e+01 1.4268283e+02 -6.3042759e+02 -6.4128586e+03 1.1031955e+03 8.8870931e-01 4.4355094e-01 -1.1601002e-01 1 1.1010000e+01 -9.5400000e+01 
1554394555370025933 1.5000000e+01 3.0000000e+01 0.0000000e+00 325832 6 11 5.7974588e+04 8.2104097e+02 1.6000000e+02 9.7770221e+00 -9.5615080e+01 1.4276682e+02 -6.3049102e+02 -6.4128651e+03 1.1031223e+03 5.2057119e-01 -8.3299845e-01 1.8740121e-01 1 1.1010000e+01 -9.5400000e+01 
1554394555370025933 1.5000000e+01 3.0000000e+01 0.0000000e+00 325832 6 11 5.7975645e+04 8.2104097e+02 1.6000000e+02 9.7757349e+00 -9.5613311e+01 1.4287843e+02 -6.3029549e+02 -6.4129092e+03 1.1029785e+03 5.1534262e-02 3.9098362e-01 -9.1895377e-01 1 1.1010000e+01 -9.5400000e+01 
1554394555373441854 1.5000000e+01 3.0000000e+01 0.0000000e+00 9573 3 11 7.4980865e+02 3.6352149e+03 1.6000000e+02 9.6694312e+00 -9.5483984e+01 1.5327927e+02 -6.1601328e+02 -6.4163420e+03 1.0910969e+03 -3.1894241e-01 -5.5656120e-01 -7.6714755e-01 1 1.1010000e+01 -9.5400000e+01 
1554394555373441854 1.5000000e+01 3.0000000e+01 0.0000000e+00 9573 3 11 1.8001333e+04 3.6352149e+03 1.6000000e+02 -2.8336756e+01 -1.0072811e+02 4.5316190e+03 -1.0720169e+03 -5.6582733e+03 -3.0853497e+03 1.0331980e-01 9.5858633e-01 -2.6540022e-01 1 1.1010000e+01 -9.5400000e+01 
1554394555373441854 1.5000000e+01 3.0000000e+01 0.0000000e+00 17347 3 11 1.0179918e+03 2.9811114e+03 1.6000000e+02 9.5966405e+00 -9.5393907e+01 1.6129729e+02 -6.0605504e+02 -6.4186777e+03 1.0829590e+03 2.4489279e-01 -9.5223970e-01 -1.8239264e-01 1 1.1010000e+01 -9.5400000e+01 
1554394555373441854 1.5000000e+01 3.0000000e+01 0.0000000e+00 17347 3 11 2.1177447e+04 2.9811114e+03 1.6000000e+02 -2.8291874e+01 -1.0060160e+02 4.5247403e+03 -1.0599658e+03 -5.6630039e+03 -3.0808605e+03 -3.2111146e-01 9.3500439e-01 1.5051320e-01 1 1.1010000e+01 -9.5400000e+01 
1554394555373441854 1.5000000e+01 3.0000000e+01 0.0000000e+00 21002 3 11 8.2502855e+02 8.3085987e+02 1.6000000e+02 9.7129125e+00 -9.5552140e+01 1.4900895e+02 -6.2356506e+02 -6.4147786e+03 1.0959573e+03 -2.7633751e-01 -6.1332121e-01 -7.3991531e-01 1 1.1010000e+01 -9.5400000e+01 
1554394555373441854 1.5000000e+01 3.0000000e+01 0.0000000e+00 21002 3 11 1.9191503e+04 8.3085987e+02 1.6000000e+02 -2.8351891e+01 -1.0082522e+02 4.5347383e+03 -1.0814527e+03 -5.6556462e+03 -3.0868632e+03 7.8693568e-02 8.4880714e-01 -5.2281332e-01 1 1.1010000e+01 -9.5400000e+01 
1554394555373441854 1.5000000e+01 3.0000000e+01 0.0000000e+00 21002 3 11 2.1078325e+04 3.8107710e+02 1.6000000e+02 -2.8354657e+01 -1.0082683e+02 4.5350680e+03 -1.0815836e+03 -5.6554692e+03 -3.0871397e+03 3.5903465e-01 -7.6399813e-01 -5.3609792e-01 1 1.1010000e+01 -9.5400000e+01 
1554394555373441854 1.5000000e+01 3.0000000e+01 0.0000000e+00 21002 3 11 2.1079290e+04 3.8107710e+02 1.6000000e+02 -2.8353806e+01 -1.0082519e+02 4.5349547e+03 -1.0814305e+03 -5.6555452e+03 -3.0870547e+03 -5.8767431e-02 -5.3492378e-02 9.9683748e-01 1 1.1010000e+01 -9.5400000e+01 
1554394555373441854 1.5000000e+01 3.0000000e+01 0.0000000e+00 21002 3 11 2.1079820e+04 3.8107710e+02 1.6000000e+02 -2.8352973e+01 -1.0082580e+02 4.5348621e+03 -1.0814984e+03 -5.6555780e+03 -3.0869713e+03 -8.5633674e-01 -4.2011794e-01 3.0031368e-01 1 1.1010000e+01 -9.5400000e+01 
1554394555373441854 1.5000000e+01 3.0000000e+01 0.0000000e+00 21002 3 11 5.5084272e+04 3.8107710e+02 1.6000000e+02 9.7134842e+00 -9.5547438e+01 1.4888476e+02 -6.2303760e+02 -6.4148188e+03 1.0960212e+03 -5.3804135e-01 8.1259062e-01 -2.2407140e-01 1 1.1010000e+01 -9.5400000e+01 
1554394555373441854 1.5000000e+01 3.0000000e+01 0.0000000e+00 21002 3 11 5.5084978e+04 3.8107710e+02 1.6000000e+02 9.7140818e+00 -9.5548495e+01 1.4883001e+02 -6.2315485e+02 -6.4147960e+03 1.0960880e+03 -2.5448280e-01 -3.8721817e-01 8.8617188e-01 1 1.1010000e+01 -9.5400000e+01 
1554394555373441854 1.5000000e+01 3.0000000e+01 0.0000000e+00 21002 3 11 5.5085808e+04 3.8107710e+02 1.6000000e+02 9.7148316e+00 -9.5547311e+01 1.4873037e+02 -6.2302087e+02 -6.4147946e+03 1.0961718e+03 6.0302950e-01 7.2381090e-01 -3.3534043e-01 1 1.1010000e+01 -9.5400000e+01 
1554394555373441854 1.5000000e+01 3.0000000e+01 0.0000000e+00 31682 2 11 1.2485639e+03 4.6005102e+03 1.6000000e+02 9.8367357e+00 -9.5095544e+01 1.3818784e+02 -5.7221410e+02 -6.4171696e+03 1.1097948e+03 5.6101905e-01 -8.2509092e-01 -6.6952136e-02 1 1.1010000e+01 -9.5400000e+01 
1554394555373441854 1.5000000e+01 3.0000000e+01 0.0000000e+00 31682 2 11 1.2534503e+03 4.6005102e+03 1.6000000e+02 9.8276543e+00 -9.5090290e+01 1.3933856e+02 -5.7164121e+02 -6.4173972e+03 1.1087801e+03 -4.5797346e-01 1.6504752e-01 -8.7350995e-01 1 1.1010000e+01 -9.5400000e+01 
1554394555373441854 1.5000000e+01 3.0000000e+01 0.0000000e+00 31682 2 11 1.2552585e+03 4.6005102e+03 1.6000000e+02 9.8246332e+00 -9.5093695e+01 1.3957763e+02 -5.7202784e+02 -6.4174215e+03 1.1084426e+03 -8.8688040e-01 -2.7928245e-01 -3.6802781e-01 1 1.1010000e+01 -9.5400000e+01 
1554394555373441854 1.5000000e+01 3.0000000e+01 0.0000000e+00 31682 2 11 2.4994280e+04 4.6005102e+03 1.6000000e+02 -2.8655818e+01 -1.0033643e+02 4.5623889e+03 -1.0302091e+03 -5.6484542e+03 -3.1172095e+03 -3.1865196e-01 8.6329499e-01 3.9138561e-01 1 1.1010000e+01 -9.5400000e+01 
1554394555373441854 1.5000000e+01 3.0000000e+01 0.0000000e+00 79738 2 11 1.1760882e+03 6.8418351e+03 1.6000000e+02 9.6419840e+00 -9.5492057e+01 1.5646300e+02 -6.1696728e+02 -6.4167748e+03 1.0880286e+03 2.3951742e-01 -9.6930997e-01 5.5403825e-02 1 1.1010000e+01 -9.5400000e+01 
1554394555373441854 1.5000000e+01 3.0000000e+01 0.0000000e+00 79738 2 11 2.3793619e+04 6.8418351e+03 1.6000000e+02 -2.8305951e+01 -1.0070752e+02 4.5278356e+03 -1.0702919e+03 -5.6602897e+03 -3.0822687e+03 3.8553516e-01 8.8237158e-01 2.6978331e-01 1 1.1010000e+01 -9.5400000e+01 
1554394555373441854 1.5000000e+01 3.0000000e+01 0.0000000e+00 104276 2 11 1.4977184e+03 2.9804743e+02 1.6000000e+02 9.4852552e+00 -9.5347927e+01 1.7410527e+02 -6.0109894e+02 -6.4212464e+03 1.0705029e+03 1.3423580e-01 -9.8870375e-01 -6.6675593e-02 1 1.1010000e+01 -9.5400000e+01 
1554394555373441854 1.5000000e+01 3.0000000e+01 0.0000000e+00 104276 2 11 2.7993697e+04 2.9804743e+02 1.6000000e+02 -2.8197419e+01 -1.0052721e+02 4.5130001e+03 -1.0535408e+03 -5.6693683e+03 -3.0714066e+03 -6.8380206e-01 6.9429846e-01 -2.2442014e-01 1 1.1010000e+01 -9.5400000e+01 
1554394555373441854 1.5000000e+01 3.0000000e+01 0.0000000e+00 104276 2 11 2.7994108e+04 2.9804743e+02 1.6000000e+02 -2.8197931e+01 -1.0052780e+02 4.5130594e+03 -1.0535939e+03 -5.6693305e+03 -3.0714579e+03 -3.9640404e-01 4.2117171e-01 -8.1576848e-01 1 1.1010000e+01 -9.5400000e+01 
1554394555373441854 1.5000000e+01 3.0000000e+01 0.0000000e+00 108093 2 11 2.1130514e+03 5.6537429e+02 1.6000000e+02 9.5795381e+00 -9.5507763e+01 1.6369536e+02 -6.1883971e+02 -6.4177822e+03 1.0810467e+03 8.1496291e-01 -5.7798783e-01 -4.2018036e-02 1 1.1010000e+01 -9.5400000e+01 
1554394555373441854 1.5000000e+01 3.0000000e+01 0.0000000e+00 108093 2 11 2.1133894e+03 5.6537429e+02 1.6000000e+02 9.5791994e+00 -9.5506992e+01 1.6372778e+02 -6.1875397e+02 -6.4177969e+03 1.0810089e+03 7.4422959e-01 8.4338298e-02 -6.6257782e-01 1 1.1010000e+01 -9.5400000e+01 
1554394555373441854 1.5000000e+01 3.0000000e+01 0.0000000e+00 108093 2 11 2.1148744e+03 5.6537429e+02 1.6000000e+02 9.5778953e+00 -9.5508366e+01 1.6388734e+02 -6.1891024e+02 -6.4178066e+03 1.0808630e+03 -2.8341611e-01 -8.6329246e-01 4.1761398e-01 1 1.1010000e+01 -9.5400000e+01 
1554394555373441854 1.5000000e+01 3.0000000e+01 0.0000000e+00 108093 2 11 3.3739629e+04 5.6537429e+02 1.6000000e+02 -2.8230768e+01 -1.0073224e+02 4.5196768e+03 -1.0734875e+03 -5.6638021e+03 -3.0747454e+03 4.3749697e-01 7.6769786e-01 4.6822687e-01 1 1.1010000e+01 -9.5400000e+01 
1554394555373441854 1.5000000e+01 3.0000000e+01 0.0000000e+00 108093 2 11 3.6407118e+04 3.6387474e+02 1.6000000e+02 -2.8233140e+01 -1.0073186e+02 4.5199330e+03 -1.0734265e+03 -5.6636839e+03 -3.0749828e+03 5.7078473e-01 -6.5174267e-01 -4.9943597e-01 1 1.1010000e+01 -9.5400000e+01 
1554394555373441854 1.5000000e+01 3.0000000e+01 0.0000000e+00 108093 2 11 3.6407734e+04 3.6387474e+02 1.6000000e+02 -2.8232821e+01 -1.0073052e+02 4.5198843e+03 -1.0732967e+03 -5.6637260e+03 -3.0749508e+03 5.4197337e-01 -6.6405345e-03 8.4036943e-01 1 1.1010000e+01 -9.5400000e+01 
1554394555373441854 1.5000000e+01 3.0000000e+01 0.0000000e+00 108093 2 11 3.6408765e+04 3.6387474e+02 1.6000000e+02 -2.8231487e+01 -1.0073149e+02 4.5197404e+03 -1.0734060e+03 -5.6637782e+03 -3.0748173e+03 -7.0908453e-01 -6.2617927e-01 -3.2418921e-01 1 1.1010000e+01 -9.5400000e+01 
1554394555373441854 1.5000000e+01 3.0000000e+01 0.0000000e+00 108093 2 11 7.4640995e+04 3.6387474e+02 1.6000000e+02 9.5772910e+00 -9.5500887e+01 1.6389618e+02 -6.1807366e+02 -6.4178986e+03 1.0807955e+03 -6.5387459e-01 6.9374176e-01 -3.0194433e-01 1 1.1010000e+01 -9.5400000e+01 
1554394555373441854 1.5000000e+01 3.0000000e+01 0.0000000e+00 108093 2 11 7.4641520e+04 3.6387474e+02 1.6000000e+02 9.5775176e+00 -9.5501797e+01 1.6387723e+02 -6.1817515e+02 -6.4178846e+03 1.0808208e+03 -6.6873584e-01 -3.2164860e-01 6.7032422e-01 1 1.1010000e+01 -9.5400000e+01 
1554394555373441854 1.5000000e+01 3.0000000e+01 0.0000000e+00 108093 2 11 7.4642671e+04 3.6387474e+02 1.6000000e+02 9.5780565e+00 -9.5500640e+01 1.6380712e+02 -6.1804462e+02 -6.4178869e+03 1.0808811e+03 2.3073372e-02 8.3395568e-01 -5.5134884e-01 1 1.1010000e+01 -9.5400000e+01 
1554394555373441854 1.5000000e+01 3.0000000e+01 0.0000000e+00 108093 2 11 7.4643725e+04 3.6387474e+02 1.6000000e+02 9.5785524e+00 -9.5501885e+01 1.6376012e+02 -6.1818309e+02 -6.4178642e+03 1.0809365e+03 2.0692711e-01 -5.9182413e-01 7.7905415e-01 1 1.1010000e+01 -9.5400000e+01 
1554394555373441854 1.5000000e+01 3.0000000e+01 0.0000000e+00 108093 2 11 7.4644352e+04 3.6387474e+02 1.6000000e+02 9.5788473e+00 -9.5500747e+01 1.6371791e+02 -6.1805513e+02 -6.4178709e+03 1.0809695e+03 6.9018049e-01 5.8438354e-01 -4.2678656e-01 1 1.1010000e+01 -9.5400000e+01 
1554394555373441854 1.5000000e+01 3.0000000e+01 0.0000000e+00 108093 2 11 8.0717985e+04 3.6012860e+02 1.6000000e+02 9.5792984e+00 -9.5501798e+01 1.6367451e+02 -6.1817206e+02 -6.4178511e+03 1.0810199e+03 6.6621897e-01 -7.0451118e-01 2.4457367e-01 1 1.1010000e+01 -9.5400000e+01 
1554394555373441854 1.5000000e+01 3.0000000e+01 0.0000000e+00 108093 2 11 8.0718425e+04 3.6012860e+02 1.6000000e+02 9.5790156e+00 -9.5500909e+01 1.6370001e+02 -6.1807297e+02 -6.4178660e+03 1.0809883e+03 6.3094813e-01 3.0474544e-01 -7.1346666e-01 1 1.1010000e+01 -9.5400000e+01 
1554394555373441854 1.5000000e+01 3.0000000e+01 0.0000000e+00 108093 2 11 8.0719602e+04 3.6012860e+02 1.6000000e+02 9.5783655e+00 -9.5502067e+01 1.6378282e+02 -6.1820383e+02 -6.4178657e+03 1.0809156e+03 -1.6166231e-01 -8.4117142e-01 5.1603869e-01 1 1.1010000e+01 -9.5400000e+01 
1554394555373441854 1.5000000e+01 3.0000000e+01 0.0000000e+00 108093 2 11 8.0720721e+04 3.6012860e+02 1.6000000e+02 9.5776683e+00 -9.5500950e+01 1.6385372e+02 -6.1807999e+02 -6.4178909e+03 1.0808377e+03 -5.3454856e-01 4.8800628e-01 -6.9000559e-01 1 1.1010000e+01 -9.5400000e+01 
1554394555373441854 1.5000000e+01 3.0000000e+01 0.0000000e+00 108093 2 11 8.0721168e+04 3.6012860e+02 1.6000000e+02 9.5774210e+00 -9.5501720e+01 1.6388763e+02 -6.1816671e+02 -6.4178872e+03 1.0808100e+03 -9.4469908e-01 -2.9999513e-01 1.3246344e-01 1 1.1010000e+01 -9.5400000e+01 
1554394555373441854 1.5000000e+01 3.0000000e+01 0.0000000e+00 108093 2 11 1.1775339e+05 3.6012860e+02 1.6000000e+02 -2.8233197e+01 -1.0072634e+02 4.5198668e+03 -1.0728797e+03 -5.6637844e+03 -3.0749885e+03 3.7534001e-01 7.4449413e-01 5.5213075e-01 1 1.1010000e+01 -9.5400000e+01 
1554394555373441854 1.5000000e+01 3.0000000e+01 0.0000000e+00 108093 79 11 9.5342045e+02 3.6337919e+02 1.6000000e+02 9.5795398e+00 -9.5507066e+01 1.6368941e+02 -6.1876166e+02 -6.4177897e+03 1.0810469e+03 -1.2809894e-01 -4.9479032e-01 -8.5951917e-01 1 1.1010000e+01 -9.5400000e+01 
1554394555373441854 1.5000000e+01 3.0000000e+01 0.0000000e+00 108093 79 11 2.1886235e+04 3.6337919e+02 1.6000000e+02 -2.8231817e+01 -1.0073400e+02 4.5198209e+03 -1.0736515e+03 -5.6637137e+03 -3.0748504e+03 1.5953437e-01 9.2016941e-01 -3.5754306e-01 1 1.1010000e+01 -9.5400000e+01 
1554394555373441854 1.5000000e+01 3.0000000e+01 0.0000000e+00 108093 79 11 2.3666375e+04 1.0799903e+02 1.6000000e+02 -2.8243355e+01 -1.0073223e+02 4.5210949e+03 -1.0733606e+03 -5.6631375e+03 -3.0760053e+03 -2.0915230e-01 -9.6174679e-01 -1.7691361e-01 1 1.1010000e+01 -9.5400000e+01 
1554394555373441854 1.5000000e+01 3.0000000e+01 0.0000000e+00 108093 79 11 5.9184549e+04 1.0799903e+02 1.6000000e+02 9.5887079e+00 -9.5500147e+01 1.6259065e+02 -6.1797003e+02 -6.4176921e+03 1.0820721e+03 6.7019236e-01 6.8772460e-01 2.7906466e-01 1 1.1010000e+01 -9.5400000e+01 
1554394555373441854 1.5000000e+01 3.0000000e+01 0.0000000e+00 121810 3 -11 9.9333766e+02 3.5397178e+03 1.6000000e+02 9.8889934e+00 -9.5483478e+01 1.2827515e+02 -6.1555257e+02 -6.4121378e+03 1.1156332e+03 -1.7946606e-01 -9.8027197e-01 8.2817924e-02 1 1.1010000e+01 -9.5400000e+01 
1554394555373441854 1.5000000e+01 3.0000000e+01 0.0000000e+00 121810 3 -11 2.3231761e+04 3.5397178e+03 1.6000000e+02 -2.8554740e+01 -1.0082443e+02 4.5576907e+03 -1.0793127e+03 -5.6448756e+03 -3.1071267e+03 4.6687128e-01 8.6939637e-01 1.6180594e-01 1 1.1010000e+01 -9.5400000e+01 
1554394555373441854 1.5000000e+01 3.0000000e+01 0.0000000e+00 121810 2 11 1.1557494e+03 4.3449150e+03 1.6000000e+02 9.8919992e+00 -9.5481336e+01 1.2791566e+02 -6.1530722e+02 -6.4121025e+03 1.1159690e+03 4.7326550e-01 -8.8091611e-01 -2.5624457e-03 1 1.1010000e+01 -9.5400000e+01 
1554394555373441854 1.5000000e+01 3.0000000e+01 0.0000000e+00 121810 2 11 2.4907934e+04 4.3449150e+03 1.6000000e+02 -2.8557968e+01 -1.0078485e+02 4.5574839e+03 -1.0753793e+03 -5.6454478e+03 -3.1074488e+03 -4.4527428e-01 8.3169743e-01 3.3167787e-01 1 1.1010000e+01 -9.5400000e+01 
1554394555373441854 1.5000000e+01 3.0000000e+01 0.0000000e+00 121810 2 11 2.6966534e+04 2.2971745e+03 1.6000000e+02 -2.8558933e+01 -1.0079122e+02 4.5576781e+03 -1.0759979e+03 -5.6452766e+03 -3.1075451e+03 -2.5210650e-01 -8.6401108e-01 -4.3580634e-01 1 1.1010000e+01 -9.5400000e+01 
1554394555373441854 1.5000000e+01 3.0000000e+01 0.0000000e+00 121810 2 11 5.2097310e+04 2.2971745e+03 1.6000000e+02 9.8805194e+00 -9.5459103e+01 1.2907037e+02 -6.1284024e+02 -6.4125633e+03 1.1146866e+03 1.5450581e-01 9.5407835e-01 -2.5663683e-01 1 1.1010000e+01 -9.5400000e+01 
1554394555373441854 1.5000000e+01 3.0000000e+01 0.0000000e+00 124092 4 11 2.2560915e+03 1.3172748e+02 1.6000000e+02 8.1976970e+00 -9.5610852e+01 3.2181428e+02 -6.3275304e+02 -6.4407529e+03 9.2624066e+02 1.2002274e-01 -9.8653026e-01 1.1114217e-01 1 1.1010000e+01 -9.5400000e+01 
1554394555373441854 1.5000000e+01 3.0000000e+01 0.0000000e+00 124092 4 11 3.8341160e+04 1.3172748e+02 1.6000000e+02 -2.6765950e+01 -1.0041367e+02 4.3492257e+03 -1.0558674e+03 -5.7452506e+03 -2.9271405e+03 6.6955333e-01 7.4272360e-01 7.7454361e-03 1 1.1010000e+01 -9.5400000e+01 
1554394555373441854 1.5000000e+01 3.0000000e+01 0.0000000e+00 124092 3 11 9.1047734e+02 9.9714504e+03 1.6000000e+02 9.2376575e+00 -9.5412092e+01 2.0226705e+02 -6.0872042e+02 -6.4251159e+03 1.0428003e+03 -4.0031931e-01 -2.5886181e-01 -8.7905347e-01 1 1.1010000e+01 -9.5400000e+01 
1554394555373441854 1.5000000e+01 3.0000000e+01 0.0000000e+00 124092 3 11 1.8919474e+04 9.9714504e+03 1.6000000e+02 -2.7932773e+01 -1.0050280e+02 4.4826725e+03 -1.0537037e+03 -5.6837255e+03 -3.0448749e+03 4.3228701e-01 7.9429781e-01 -4.2687110e-01 1 1.1010000e+01 -9.5400000e+01 
1554394555373441854 1.5000000e+01 3.0000000e+01 0.0000000e+00 125590 3 11 2.2274120e+03 5.4776233e+03 1.6000000e+02 9.6053637e+00 -9.5489595e+01 1.6061569e+02 -6.1675800e+02 -6.4174923e+03 1.0839344e+03 5.3021365e-01 -8.0644633e-01 2.6175904e-01 1 1.1010000e+01 -9.5400000e+01 
1554394555373441854 1.5000000e+01 3.0000000e+01 0.0000000e+00 125590 3 11 2.2322264e+03 5.4776233e+03 1.6000000e+02 9.6001415e+00 -9.5480603e+01 1.6115089e+02 -6.1576030e+02 -6.4176874e+03 1.0833505e+03 1.2244594e-01 4.5855416e-01 -8.8019036e-01 1 1.1010000e+01 -9.5400000e+01 
1554394555373441854 1.5000000e+01 3.0000000e+01 0.0000000e+00 125590 3 11 2.2380276e+03 5.4776233e+03 1.6000000e+02 9.5951952e+00 -9.5490775e+01 1.6178216e+02 -6.1690863e+02 -6.4176711e+03 1.0827974e+03 -5.2154305e-01 -7.5749003e-01 3.9268524e-01 1 1.1010000e+01 -9.5400000e+01 
1554394555373441854 1.5000000e+01 3.0000000e+01 0.0000000e+00 125590 3 11 3.0739908e+04 5.4776233e+03 1.6000000e+02 -2.8263978e+01 -1.0069493e+02 4.5229021e+03 -1.0694677e+03 -5.6627452e+03 -3.0780692e+03 2.2915604e-01 7.8952820e-01 5.6932656e-01 1 1.1010000e+01 -9.5400000e+01 
1554394555373441854 1.5000000e+01 3.0000000e+01 0.0000000e+00 156340 3 11 2.6061476e+03 6.1787490e+02 1.6000000e+02 9.8498113e+00 -9.5860730e+01 1.4214346e+02 -6.5783602e+02 -6.4087035e+03 1.1112558e+03 2.2688470e-01 -8.7895049e-01 4.1948704e-01 1 1.1010000e+01 -9.5400000e+01 
1554394555373441854 1.5000000e+01 3.0000000e+01 0.0000000e+00 156340 3 11 2.6072867e+03 6.1787490e+02 1.6000000e+02 9.8488064e+00 -9.5859073e+01 1.4218302e+02 -6.5765264e+02 -6.4087419e+03 1.1111435e+03 -1.7860751e-01 4.9797540e-01 -8.4859876e-01 1 1.1010000e+01 -9.5400000e+01 
1554394555373441854 1.5000000e+01 3.0000000e+01 0.0000000e+00 156340 3 11 2.6081550e+03 6.1787490e+02 1.6000000e+02 9.8481789e+00 -9.5860597e+01 1.4231164e+02 -6.5782441e+02 -6.4087365e+03 1.1110734e+03 -7.5988504e-01 -5.7547030e-01 3.0233865e-01 1 1.1010000e+01 -9.5400000e+01 
1554394555373441854 1.5000000e+01 3.0000000e+01 0.0000000e+00 156340 3 11 3.5221987e+04 6.1787490e+02 1.6000000e+02 -2.8368772e+01 -1.0120802e+02 4.5424279e+03 -1.1190371e+03 -5.6474010e+03 -3.0885510e+03 3.2010006e-01 7.6498865e-01 5.5886342e-01 1 1.1010000e+01 -9.5400000e+01 
1554394555373441854 1.5000000e+01 3.0000000e+01 0.0000000e+00 161336 5 11 1.0893526e+03 3.7054376e+02 1.6000000e+02 9.6381875e+00 -9.4943781e+01 1.6472058e+02 -5.5554265e+02 -6.4224566e+03 1.0876041e+03 5.8223939e-01 -5.9870893e-01 -5.5004083e-01 1 1.1010000e+01 -9.5400000e+01 
1554394555373441854 1.5000000e+01 3.0000000e+01 0.0000000e+00 161336 5 11 1.0897982e+03 3.7054376e+02 1.6000000e+02 9.6372774e+00 -9.4943374e+01 1.6483376e+02 -5.5549853e+02 -6.4224778e+03 1.0875024e+03 -4.7231417e-02 -3.2191033e-02 -9.9836513e-01 1 1.1010000e+01 -9.5400000e+01 
1554394555373441854 1.5000000e+01 3.0000000e+01 0.0000000e+00 161336 5 11 2.6010292e+04 3.7054376e+02 1.6000000e+02 -2.8518425e+01 -1.0012590e+02 4.5440777e+03 -1.0107600e+03 -5.6595549e+03 -3.1035018e+03 5.4220865e-01 6.3298682e-01 -5.5257349e-01 1 1.1010000e+01 -9.5400000e+01 
1554394555373698505 1.5000000e+01 3.0000000e+01 0.0000000e+00 219 3 11 1.0380799e+03 3.8790314e+03 1.6000000e+02 9.5950327e+00 -9.5484933e+01 1.6176067e+02 -6.1625447e+02 -6.4177370e+03 1.0827792e+03 -4.7900909e-01 -8.7213245e-01 -9.9675836e-02 1 1.1010000e+01 -9.5400000e+01 
1554394555373698505 1.5000000e+01 3.0000000e+01 0.0000000e+00 219 3 11 2.1513454e+04 3.8790314e+03 1.6000000e+02 -2.8257456e+01 -1.0069947e+02 4.5222286e+03 -1.0699821e+03 -5.6630051e+03 -3.0774166e+03 -4.4002505e-01 8.9011687e-01 1.1861668e-01 1 1.1010000e+01 -9.5400000e+01 
1554394555373698505 1.5000000e+01 3.0000000e+01 0.0000000e+00 18994 3 11 1.2526091e+03 4.5923930e+02 1.6000000e+02 9.8430046e+00 -9.5374675e+01 1.3321116e+02 -6.0345863e+02 -6.4141848e+03 1.1104953e+03 6.8340655e-01 -5.9305865e-01 -4.2571931e-01 1 1.1010000e+01 -9.5400000e+01 
1554394555373698505 1.5000000e+01 3.0000000e+01 0.0000000e+00 18994 3 11 1.2529625e+03 4.5923930e+02 1.6000000e+02 9.8423496e+00 -9.5374132e+01 1.3328741e+02 -6.0339906e+02 -6.4142032e+03 1.1104221e+03 3.3598789e-01 -5.8823747e-03 -9.4184794e-01 1 1.1010000e+01 -9.5400000e+01 
1554394555373698505 1.5000000e+01 3.0000000e+01 0.0000000e+00 18994 3 11 1.2537740e+03 4.5923930e+02 1.6000000e+02 9.8409967e+00 -9.5374845e+01 1.3343984e+02 -6.0348131e+02 -6.4142218e+03 1.1102709e+03 -8.3518626e-01 -4.6446577e-01 -2.9450886e-01 1 1.1010000e+01 -9.5400000e+01 
1554394555373698505 1.5000000e+01 3.0000000e+01 0.0000000e+00 18994 3 11 2.7424956e+04 4.5923930e+02 1.6000000e+02 -2.8554916e+01 -1.0067026e+02 4.5555052e+03 -1.0641178e+03 -5.6477500e+03 -3.1071442e+03 -7.0277928e-01 4.8862325e-01 -5.1705763e-01 1 1.1010000e+01 -9.5400000e+01 
1554394555373698505 1.5000000e+01 3.0000000e+01 0.0000000e+00 18994 3 11 2.7425993e+04 4.5923930e+02 1.6000000e+02 -2.8556933e+01 -1.0067034e+02 4.5557347e+03 -1.0641047e+03 -5.6476410e+03 -3.1073455e+03 6.9160373e-01 6.3096881e-01 -3.5151479e-01 1 1.1010000e+01 -9.5400000e+01 
1554394555373698505 1.5000000e+01 3.0000000e+01 0.0000000e+00 31988 5 11 8.6234672e+02 3.3142522e+02 1.6000000e+02 1.0231538e+01 -9.5283187e+01 8.9801984e+01 -5.9250889e+02 -6.4074937e+03 1.1538807e+03 4.3556890e-01 -7.0180196e-01 -5.6369649e-01 1 1.1010000e+01 -9.5400000e+01 
1554394555373698505 1.5000000e+01 3.0000000e+01 0.0000000e+00 31988 5 11 2.5455498e+04 3.3142522e+02 1.6000000e+02 -2.8994978e+01 -1.0069294e+02 4.6056777e+03 -1.0618869e+03 -5.6236770e+03 -3.1509716e+03 4.5826039e-01 7.5915658e-01 -4.6225394e-01 1 1.1010000e+01 -9.5400000e+01 
1554394555373698505 1.5000000e+01 3.0000000e+01 0.0000000e+00 43079 2 11 1.3706175e+03 2.2543993e+03 1.6000000e+02 9.7923689e+00 -9.5534056e+01 1.3977170e+02 -6.2139326e+02 -6.4134559e+03 1.1048373e+03 -6.1149134e-01 -7.8235887e-01 1.1829176e-01 1 1.1010000e+01 -9.5400000e+01 
1554394555373698505 1.5000000e+01 3.0000000e+01 0.0000000e+00 43079 2 11 2.5734681e+04 2.2543993e+03 1.6000000e+02 -2.8446760e+01 -1.0082329e+02 4.5454496e+03 -1.0802995e+03 -5.6506472e+03 -3.0963448e+03 5.8092717e-01 7.9182101e-01 1.8852879e-01 1 1.1010000e+01 -9.5400000e+01 
1554394555373698505 1.5000000e+01 3.0000000e+01 0.0000000e+00 44351 3 11 1.8309021e+03 3.4070119e+03 1.6000000e+02 9.9443325e+00 -9.5830565e+01 1.3086373e+02 -6.5427468e+02 -6.4072162e+03 1.1218149e+03 4.8770029e-01 -8.5123066e-01 1.9379060e-01 1 1.1010000e+01 -9.5400000e+01 
1554394555373698505 1.5000000e+01 3.0000000e+01 0.0000000e+00 44351 3 11 1.8343974e+03 3.4070119e+03 1.6000000e+02 9.9395791e+00 -9.5825028e+01 1.3114109e+02 -6.5366495e+02 -6.4073719e+03 1.1212840e+03 -1.3692891e-01 3.8830103e-01 -9.1130280e-01 1 1.1010000e+01 -9.5400000e+01 
1554394555373698505 1.5000000e+01 3.0000000e+01 0.0000000e+00 44351 3 11 1.8372816e+03 3.4070119e+03 1.6000000e+02 9.9363153e+00 -9.5830558e+01 1.3171438e+02 -6.5428984e+02 -6.4073724e+03 1.1209194e+03 -7.8745287e-01 -5.9252139e-01 1.6981277e-01 1 1.1010000e+01 -9.5400000e+01 
1554394555373698505 1.5000000e+01 3.0000000e+01 0.0000000e+00 44351 3 11 2.8910977e+04 3.4070119e+03 1.6000000e+02 -2.8470784e+01 -1.0119271e+02 4.5537205e+03 -1.1164575e+03 -5.6422885e+03 -3.0987446e+03 -7.8685305e-01 6.0073248e-01 1.4136045e-01 1 1.1010000e+01 -9.5400000e+01 
1554394555373698505 1.5000000e+01 3.0000000e+01 0.0000000e+00 44351 3 11 2.8913072e+04 3.4070119e+03 1.6000000e+02 -2.8472988e+01 -1.0119793e+02 4.5540436e+03 -1.1169480e+03 -5.6420697e+03 -3.0989647e+03 -5.7100540e-01 1.6775365e-01 -8.0362401e-01 1 1.1010000e+01 -9.5400000e+01 
1554394555373698505 1.5000000e+01 3.0000000e+01 0.0000000e+00 44351 3 11 2.8917322e+04 3.4070119e+03 1.6000000e+02 -2.8481222e+01 -1.0119402e+02 4.5549208e+03 -1.1164767e+03 -5.6417083e+03 -3.0997870e+03 7.3702431e-01 6.5999664e-01 1.4560085e-01 1 1.1010000e+01 -9.5400000e+01 
1554394555373698505 1.5000000e+01 3.0000000e+01 0.0000000e+00 44351 3 11 3.1503746e+04 1.1930221e+03 1.6000000e+02 -2.8477991e+01 -1.0119390e+02 4.5545466e+03 -1.1164982e+03 -5.6418825e+03 -3.0994644e+03 -2.7437651e-01 -8.1343336e-01 -5.1287786e-01 1 1.1010000e+01 -9.5400000e+01 
1554394555373698505 1.5000000e+01 3.0000000e+01 0.0000000e+00 44351 3 11 5.9694378e+04 1.1930221e+03 1.6000000e+02 9.9372724e+00 -9.5810536e+01 1.3080480e+02 -6.5204889e+02 -6.4075820e+03 1.1210263e+03 -8.8890166e-02 9.3346764e-01 -3.4747187e-01 1 1.1010000e+01 -9.5400000e+01 
1554394555373698505 1.5000000e+01 3.0000000e+01 0.0000000e+00 53877 3 11 9.7657104e+02 1.8060487e+03 1.6000000e+02 9.6688421e+00 -9.5542585e+01 1.5389104e+02 -6.2257661e+02 -6.4157198e+03 1.0910311e+03 3.8629335e-01 -9.0098316e-01 -1.9750135e-01 1 1.1010000e+01 -9.5400000e+01 
1554394555373698505 1.5000000e+01 3.0000000e+01 0.0000000e+00 53877 3 11 2.2139295e+04 1.8060487e+03 1.6000000e+02 -2.8309809e+01 -1.0079462e+02 4.5295285e+03 -1.0788563e+03 -5.6584520e+03 -3.0826546e+03 3.7584400e-01 9.1759522e-01 1.2946160e-01 1 1.1010000e+01 -9.5400000e+01 
1554394555373698505 1.5000000e+01 3.0000000e+01 0.0000000e+00 79928 2 11 9.9085974e+02 5.2008760e+03 1.6000000e+02 9.4582370e+00 -9.5395257e+01 1.7709112e+02 -6.0645052e+02 -6.4212496e+03 1.0674809e+03 -1.5442115e-01 -9.7814745e-01 -1.3921809e-01 1 1.1010000e+01 -9.5400000e+01 
1554394555373698505 1.5000000e+01 3.0000000e+01 0.0000000e+00 79928 2 11 2.0382553e+04 5.2008760e+03 1.6000000e+02 -2.8156869e+01 -1.0055200e+02 4.5087503e+03 -1.0563921e+03 -5.6710506e+03 -3.0673455e+03 2.7608444e-01 9.5838982e-01 7.2569530e-02 1 1.1010000e+01 -9.5400000e+01 
1554394555373698505 1.5000000e+01 3.0000000e+01 0.0000000e+00 84998 3 11 8.5440546e+02 4.0057716e+03 1.6000000e+02 9.7711070e+00 -9.5460418e+01 1.4154835e+02 -6.1318894e+02 -6.4146570e+03 1.1024613e+03 -4.3111575e-01 -6.6698734e-01 -6.0767351e-01 1 1.1010000e+01 -9.5400000e+01 
1554394555373698505 1.5000000e+01 3.0000000e+01 0.0000000e+00 84998 3 11 1.8504560e+04 4.0057716e+03 1.6000000e+02 -2.8450325e+01 -1.0073459e+02 4.5445730e+03 -1.0715146e+03 -5.6521233e+03 -3.0967009e+03 -2.1613139e-01 7.5080754e-01 -6.2415964e-01 1 1.1010000e+01 -9.5400000e+01 
1554394555373698505 1.5000000e+01 3.0000000e+01 0.0000000e+00 109621 2 11 1.3820947e+03 2.5381698e+03 1.6000000e+02 9.3869145e+00 -9.5461669e+01 1.8535900e+02 -6.1401902e+02 -6.4218605e+03 1.0595023e+03 9.7638270e-02 -9.6988541e-01 2.2313464e-01 1 1.1010000e+01 -9.5400000e+01 
1554394555373698505 1.5000000e+01 3.0000000e+01 0.0000000e+00 109621 2 11 2.6059113e+04 2.5381698e+03 1.6000000e+02 -2.8051830e+01 -1.0061025e+02 4.4976692e+03 -1.0631917e+03 -5.6754995e+03 -3.0568187e+03 1.0379784e-01 8.7851542e-01 4.6630104e-01 1 1.1010000e+01 -9.5400000e+01 
1554394555373698505 1.5000000e+01 3.0000000e+01 0.0000000e+00 180916 2 11 1.9169999e+03 1.9846654e+03 1.6000000e+02 9.3649733e+00 -9.5646180e+01 1.8975879e+02 -6.3473615e+02 -6.4202532e+03 1.0570475e+03 8.8151266e-01 -3.9192311e-01 -2.6330913e-01 1 1.1010000e+01 -9.5400000e+01 
1554394555373698505 1.5000000e+01 3.0000000e+01 0.0000000e+00 180916 2 11 1.9173336e+03 1.9846654e+03 1.6000000e+02 9.3645748e+00 -9.5645322e+01 1.8979005e+02 -6.3464071e+02 -6.4202700e+03 1.0570029e+03 8.4339326e-01 -1.0260789e-01 -5.2740823e-01 1 1.1010000e+01 -9.5400000e+01 
1554394555373698505 1.5000000e+01 3.0000000e+01 0.0000000e+00 180916 2 11 1.9210294e+03 1.9846654e+03 1.6000000e+02 9.3607539e+00 -9.5648405e+01 1.9027169e+02 -6.3499321e+02 -6.4203060e+03 1.0565754e+03 -2.2343328e-01 -8.9161319e-01 3.9383180e-01 1 1.1010000e+01 -9.5400000e+01 
1554394555373698505 1.5000000e+01 3.0000000e+01 0.0000000e+00 180916 2 11 2.9617085e+04 1.9846654e+03 1.6000000e+02 -2.7951057e+01 -1.0081040e+02 4.4891504e+03 -1.0840192e+03 -5.6770307e+03 -3.0467099e+03 1.3485878e-01 8.1935714e-01 5.5719564e-01 1 1.1010000e+01 -9.5400000e+01 
1554394555373698505 1.5000000e+01 3.0000000e+01 0.0000000e+00 200489 3 11 1.2331625e+03 2.2133877e+03 1.6000000e+02 9.9662994e+00 -9.5695920e+01 1.2365256e+02 -6.3917330e+02 -6.4083075e+03 1.1242685e+03 7.1730958e-01 -5.2871456e-01 -4.5379277e-01 1 1.1010000e+01 -9.5400000e+01 
1554394555373698505 1.5000000e+01 3.0000000e+01 0.0000000e+00 200489 3 11 1.2341921e+03 2.2133877e+03 1.6000000e+02 9.9642253e+00 -9.5694232e+01 1.2383015e+02 -6.3898849e+02 -6.4083668e+03 1.1240368e+03 3.1495049e-01 4.5098974e-02 -9.4803601e-01 1 1.1010000e+01 -9.5400000e+01 
1554394555373698505 1.5000000e+01 3.0000000e+01 0.0000000e+00 200489 3 11 1.2365803e+03 2.2133877e+03 1.6000000e+02 9.9598864e+00 -9.5697143e+01 1.2439447e+02 -6.3932247e+02 -6.4084190e+03 1.1235522e+03 -8.0189845e-01 -5.8318491e-01 -1.2982387e-01 1 1.1010000e+01 -9.5400000e+01 
1554394555373698505 1.5000000e+01 3.0000000e+01 0.0000000e+00 200489 3 11 2.4561655e+04 2.2133877e+03 1.6000000e+02 -2.8548763e+01 -1.0105872e+02 4.5604855e+03 -1.1024477e+03 -5.6407337e+03 -3.1065302e+03 -6.9063327e-01 7.2217695e-01 3.8550604e-02 1 1.1010000e+01 -9.5400000e+01 
1554394555373698505 1.5000000e+01 3.0000000e+01 0.0000000e+00 200489 3 11 2.4563953e+04 2.2133877e+03 1.6000000e+02 -2.8552676e+01 -1.0106280e+02 4.5609828e+03 -1.1028092e+03 -5.6404465e+03 -3.1069207e+03 2.2413628e-02 2.8884210e-01 -9.5711435e-01 1 1.1010000e+01 -9.5400000e+01 
1554394555373698505 1.5000000e+01 3.0000000e+01 0.0000000e+00 200489 3 11 2.4564969e+04 2.2133877e+03 1.6000000e+02 -2.8555232e+01 -1.0106195e+02 4.5612659e+03 -1.1026983e+03 -5.6403268e+03 -3.1071757e+03 6.2032155e-01 4.6310033e-01 -6.3303970e-01 1 1.1010000e+01 -9.5400000e+01 
1554394555373698505 1.5000000e+01 3.0000000e+01 0.0000000e+00 205549 3 11 7.5690320e+02 1.2123025e+03 1.6000000e+02 9.6169319e+00 -9.5435647e+01 1.5903057e+02 -6.1069442e+02 -6.4178522e+03 1.0852278e+03 -3.6355937e-02 -7.3717068e-01 -6.7472782e-01 1 1.1010000e+01 -9.5400000e+01 
1554394555373698505 1.5000000e+01 3.0000000e+01 0.0000000e+00 205549 3 11 1.8335687e+04 1.2123025e+03 1.6000000e+02 -2.8298774e+01 -1.0066416e+02 4.5264049e+03 -1.0660801e+03 -5.6614779e+03 -3.0815507e+03 -1.0762313e-01 8.6198948e-01 -4.9536997e-01 1 1.1010000e+01 -9.5400000e+01 
1554394555373698505 1.5000000e+01 3.0000000e+01 0.0000000e+00 226591 3 11 2.0868937e+03 1.9380885e+03 1.6000000e+02 1.0727604e+01 -9.5226947e+01 3.7614520e+01 -5.8528695e+02 -6.3978828e+03 1.2091978e+03 8.7601508e-01 -2.6290456e-01 -4.0432508e-01 1 1.1010000e+01 -9.5400000e+01 
1554394555373698505 1.5000000e+01 3.0000000e+01 0.0000000e+00 226591 3 11 2.0905051e+03 1.9380885e+03 1.6000000e+02 1.0723561e+01 -9.5229485e+01 3.7866324e+01 -5.8557814e+02 -6.3979418e+03 1.2087473e+03 -2.8974550e-01 -8.5698961e-01 4.2616470e-01 1 1.1010000e+01 -9.5400000e+01 
1554394555373698505 1.5000000e+01 3.0000000e+01 0.0000000e+00 226591 3 11 3.1333701e+04 1.9380885e+03 1.6000000e+02 -2.9526957e+01 -1.0078062e+02 4.6671743e+03 -1.0649649e+03 -5.5930197e+03 -3.2037083e+03 -3.8639405e-02 7.9180851e-01 6.0954596e-01 1 1.1010000e+01 -9.5400000e+01 
1554394555373698505 1.5000000e+01 3.0000000e+01 0.0000000e+00 226591 3 11 3.3284989e+04 5.0646743e+02 1.6000000e+02 -2.9529628e+01 -1.0078256e+02 4.6674969e+03 -1.0651261e+03 -5.5928367e+03 -3.2039724e+03 5.2826293e-01 -8.4803031e-01 4.2224017e-02 1 1.1010000e+01 -9.5400000e+01 
1554394555373698505 1.5000000e+01 3.0000000e+01 0.0000000e+00 226591 3 11 5.7492056e+04 5.0646743e+02 1.6000000e+02 1.0722757e+01 -9.5217537e+01 3.8637325e+01 -5.8424559e+02 -6.3980807e+03 1.2086578e+03 6.9973075e-02 9.9322874e-01 9.2738586e-02 1 1.1010000e+01 -9.5400000e+01 
1554394555373698505 1.5000000e+01 3.0000000e+01 0.0000000e+00 232852 3 -11 1.0754012e+03 5.9974392e+03 1.6000000e+02 9.9008860e+00 -9.5356251e+01 1.2667057e+02 -6.0129106e+02 -6.4132581e+03 1.1169618e+03 -2.6927248e-01 -9.5943269e-01 8.3553790e-02 1 1.1010000e+01 -9.5400000e+01 
1554394555373698505 1.5000000e+01 3.0000000e+01 0.0000000e+00 232852 3 -11 2.3305937e+04 5.9974392e+03 1.6000000e+02 -2.8613153e+01 -1.0069617e+02 4.5624680e+03 -1.0660839e+03 -5.6441574e+03 -3.1129547e+03 5.0302843e-01 8.5425617e-01 1.3118230e-01 1 1.1010000e+01 -9.5400000e+01 
1554394555373698505 1.5000000e+01 3.0000000e+01 0.0000000e+00 242932 2 11 1.1660608e+03 1.6314885e+04 1.6000000e+02 9.8512720e+00 -9.5678762e+01 1.3588812e+02 -6.3747631e+02 -6.4107322e+03 1.1114190e+03 4.2690084e-01 -9.0362326e-01 -3.4938165e-02 1 1.1010000e+01 -9.5400000e+01 
1554394555373698505 1.5000000e+01 3.0000000e+01 0.0000000e+00 242932 2 11 2.3953140e+04 1.6314885e+04 1.6000000e+02 -2.8441474e+01 -1.0093877e+02 4.5465494e+03 -1.0917401e+03 -5.6487394e+03 -3.0958167e+03 2.3480373e-01 9.0714055e-01 3.4923235e-01 1 1.1010000e+01 -9.5400000e+01 
1554394555373698505 1.5000000e+01 3.0000000e+01 0.0000000e+00 261515 2 11 1.0681311e+03 1.9943381e+03 1.6000000e+02 9.7344387e+00 -9.5560023e+01 1.4667453e+02 -6.2440772e+02 -6.4142824e+03 1.0983633e+03 3.1840238e-01 -9.4533242e-01 -7.0473658e-02 1 1.1010000e+01 -9.5400000e+01 
1554394555373698505 1.5000000e+01 3.0000000e+01 0.0000000e+00 261515 2 11 2.3066362e+04 1.9943381e+03 1.6000000e+02 -2.8368193e+01 -1.0083296e+02 4.5366966e+03 -1.0820509e+03 -5.6546360e+03 -3.0884930e+03 -2.4341598e-01 9.2304236e-01 2.9789505e-01 1 1.1010000e+01 -9.5400000e+01 
1554394555373698505 1.5000000e+01 3.0000000e+01 0.0000000e+00 261515 3 11 9.2292970e+02 9.2114693e+02 1.6000000e+02 9.7318374e+00 -9.5557282e+01 1.4693188e+02 -6.2410572e+02 -6.4143619e+03 1.0980725e+03 -5.5700324e-01 -5.2662677e-01 -6.4219284e-01 1 1.1010000e+01 -9.5400000e+01 
1554394555373698505 1.5000000e+01 3.0000000e+01 0.0000000e+00 261515 3 11 2.0384888e+04 9.2114693e+02 1.6000000e+02 -2.8370724e+01 -1.0083712e+02 4.5370440e+03 -1.0824365e+03 -5.6544231e+03 -3.0887461e+03 3.2827522e-01 7.3570054e-01 -5.9243574e-01 1 1.1010000e+01 -9.5400000e+01 
1554394555373698505 1.5000000e+01 3.0000000e+01 0.0000000e+00 285091 2 11 1.3977193e+03 1.0179523e+04 1.6000000e+02 9.6873593e+00 -9.5573377e+01 1.5219280e+02 -6.2599011e+02 -6.4150329e+03 1.0931010e+03 6.1545488e-01 -7.8723307e-01 -3.8462804e-02 1 1.1010000e+01 -9.5400000e+01 
1554394555373698505 1.5000000e+01 3.0000000e+01 0.0000000e+00 285091 2 11 1.4061915e+03 1.0179523e+04 1.6000000e+02 9.6730680e+00 -9.5560658e+01 1.5363660e+02 -6.2459247e+02 -6.4154430e+03 1.0915035e+03 -1.0509432e-01 2.8950307e-01 -9.5139012e-01 1 1.1010000e+01 -9.5400000e+01 
1554394555373698505 1.5000000e+01 3.0000000e+01 0.0000000e+00 285091 2 11 1.4136154e+03 1.0179523e+04 1.6000000e+02 9.6621850e+00 -9.5574128e+01 1.5505323e+02 -6.2612078e+02 -6.4155022e+03 1.0902869e+03 -8.2916769e-01 -5.5890077e-01 -1.0529914e-02 1 1.1010000e+01 -9.5400000e+01 
1554394555373698505 1.5000000e+01 3.0000000e+01 0.0000000e+00 285091 2 11 2.5949381e+04 1.0179523e+04 1.6000000e+02 -2.8307470e+01 -1.0079430e+02 4.5292590e+03 -1.0788483e+03 -5.6585818e+03 -3.0824206e+03 2.5679852e-02 8.7735797e-01 4.7914876e-01 1 1.1010000e+01 -9.5400000e+01 
1554394555373698505 1.5000000e+01 3.0000000e+01 0.0000000e+00 285091 16 11 1.0812930e+03 2.5155475e+02 1.6000000e+02 9.6786369e+00 -9.5562759e+01 1.5303322e+02 -6.2481746e+02 -6.4153144e+03 1.0921260e+03 6.4747442e-02 -9.1849034e-01 -3.9010674e-01 1 1.1010000e+01 -9.5400000e+01 
1554394555373698505 1.5000000e+01 3.0000000e+01 0.0000000e+00 285091 16 11 2.5237878e+04 2.5155475e+02 1.6000000e+02 -2.8311296e+01 -1.0082689e+02 4.5301673e+03 -1.0820281e+03 -5.6577647e+03 -3.0828033e+03 -5.7898236e-02 9.9759009e-01 -3.8233587e-02 1 1.1010000e+01 -9.5400000e+01 
1554394555373698505 1.5000000e+01 3.0000000e+01 0.0000000e+00 286659 4 11 7.6594032e+02 2.3262960e+03 1.6000000e+02 9.5404188e+00 -9.5532691e+01 1.6837238e+02 -6.2170295e+02 -6.4182457e+03 1.0766723e+03 -2.2998481e-01 -6.8754893e-01 -6.8875500e-01 1 1.1010000e+01 -9.5400000e+01 
1554394555373698505 1.5000000e+01 3.0000000e+01 0.0000000e+00 286659 4 11 1.7730154e+04 2.3262960e+03 1.6000000e+02 -2.8182312e+01 -1.0074471e+02 4.5143701e+03 -1.0752052e+03 -5.6661248e+03 -3.0698938e+03 2.6964559e-02 8.6236058e-01 -5.0557606e-01 1 1.1010000e+01 -9.5400000e+01 
1554394555373698505 1.5000000e+01 3.0000000e+01 0.0000000e+00 352964 2 11 1.6990801e+03 6.5442416e+03 1.6000000e+02 9.6916773e+00 -9.5609582e+01 1.5227892e+02 -6.3003562e+02 -6.4145541e+03 1.0935837e+03 7.6823482e-01 -5.9214946e-01 -2.4325762e-01 1 1.1010000e+01 -9.5400000e+01 
1554394555373698505 1.5000000e+01 3.0000000e+01 0.0000000e+00 352964 2 11 1.7023709e+03 6.5442416e+03 1.6000000e+02 9.6861332e+00 -9.5603410e+01 1.5279922e+02 -6.2935498e+02 -6.4147272e+03 1.0929640e+03 3.6467668e-01 1.7698589e-01 -9.1415913e-01 1 1.1010000e+01 -9.5400000e+01 
1554394555373698505 1.5000000e+01 3.0000000e+01 0.0000000e+00 352964 2 11 1.7094829e+03 6.5442416e+03 1.6000000e+02 9.6757036e+00 -9.5613418e+01 1.5414665e+02 -6.3049493e+02 -6.4148151e+03 1.0917981e+03 -6.5906508e-01 -7.3814680e-01 1.4412673e-01 1 1.1010000e+01 -9.5400000e+01 
1554394555373698505 1.5000000e+01 3.0000000e+01 0.0000000e+00 352964 2 11 2.6429021e+04 6.5442416e+03 1.6000000e+02 -2.8288663e+01 -1.0085658e+02 4.5280409e+03 -1.0851897e+03 -5.6584005e+03 -3.0805391e+03 -7.4632458e-01 6.5761115e-01 1.0269955e-01 1 1.1010000e+01 -9.5400000e+01 
1554394555373698505 1.5000000e+01 3.0000000e+01 0.0000000e+00 352964 2 11 2.6433626e+04 6.5442416e+03 1.6000000e+02 -2.8294922e+01 -1.0086706e+02 4.5288967e+03 -1.0861616e+03 -5.6578708e+03 -3.0811653e+03 -3.5290824e-01 1.8693722e-01 -9.1679346e-01 1 1.1010000e+01 -9.5400000e+01 
1554394555373698505 1.5000000e+01 3.0000000e+01 0.0000000e+00 352964 2 11 2.6439704e+04 6.5442416e+03 1.6000000e+02 -2.8308077e+01 -1.0086113e+02 4.5303051e+03 -1.0854419e+03 -5.6572874e+03 -3.0824813e+03 7.7724311e-01 6.1813301e-01 -1.1749351e-01 1 1.1010000e+01 -9.5400000e+01 
